INFO SwingWorker-pool-1-thread-2 org.cimmyt.cril.ibwb.provider.helpers.HelperFactor - Level tipo C.
INFO SwingWorker-pool-1-thread-2 org.cimmyt.cril.ibwb.provider.helpers.HelperFactor - Factor Name: PLOT   FactorId: -226
INFO SwingWorker-pool-1-thread-2 org.cimmyt.cril.ibwb.provider.helpers.HelperFactor - Cargando Measuredin con tid: -8 scaleid: -6 tmethid: -4
INFO SwingWorker-pool-1-thread-2 org.cimmyt.cril.ibwb.provider.helpers.HelperFactor - Cargando levels del factor: PLOT labelid: -226
INFO SwingWorker-pool-1-thread-2 org.cimmyt.cril.ibwb.provider.helpers.HelperFactor - Level tipo N.
INFO SwingWorker-pool-1-thread-2 org.cimmyt.cril.ibwb.provider.helpers.HelperFactor - Factor Name: REP   FactorId: -226
INFO SwingWorker-pool-1-thread-2 org.cimmyt.cril.ibwb.provider.helpers.HelperFactor - Cargando Measuredin con tid: -9 scaleid: -6 tmethid: -4
INFO SwingWorker-pool-1-thread-2 org.cimmyt.cril.ibwb.provider.helpers.HelperFactor - Cargando levels del factor: REP labelid: -227
INFO SwingWorker-pool-1-thread-2 org.cimmyt.cril.ibwb.provider.helpers.HelperFactor - Level tipo N.
INFO SwingWorker-pool-1-thread-2 org.cimmyt.cril.ibwb.provider.helpers.HelperFactor - Factor Name: BLOCK   FactorId: -226
INFO SwingWorker-pool-1-thread-2 org.cimmyt.cril.ibwb.provider.helpers.HelperFactor - Cargando Measuredin con tid: -10 scaleid: -6 tmethid: -4
INFO SwingWorker-pool-1-thread-2 org.cimmyt.cril.ibwb.provider.helpers.HelperFactor - Cargando levels del factor: BLOCK labelid: -228
INFO SwingWorker-pool-1-thread-2 org.cimmyt.cril.ibwb.provider.helpers.HelperFactor - Level tipo N.
INFO SwingWorker-pool-1-thread-2 org.cimmyt.cril.ibwb.provider.helpers.HelperEffect - Effect vale : -79 factorid: -210
INFO SwingWorker-pool-1-thread-2 org.cimmyt.cril.ibwb.provider.helpers.HelperEffect - Effect vale : -80 factorid: -210
INFO SwingWorker-pool-1-thread-2 org.cimmyt.cril.ibwb.provider.helpers.HelperEffect - Effect vale : -80 factorid: -213
INFO SwingWorker-pool-1-thread-2 org.cimmyt.cril.ibwb.provider.helpers.HelperEffect - Effect vale : -81 factorid: -210
INFO SwingWorker-pool-1-thread-2 org.cimmyt.cril.ibwb.provider.helpers.HelperEffect - Effect vale : -81 factorid: -213
INFO SwingWorker-pool-1-thread-2 org.cimmyt.cril.ibwb.provider.helpers.HelperEffect - Effect vale : -81 factorid: -221
INFO SwingWorker-pool-1-thread-2 org.cimmyt.cril.ibwb.provider.helpers.HelperEffect - Effect vale : -81 factorid: -226
INFO SwingWorker-pool-1-thread-2 org.cimmyt.cril.ibwb.provider.helpers.HelperFactor - Factor Name: STUDY   FactorId: -210
INFO SwingWorker-pool-1-thread-2 org.cimmyt.cril.ibwb.provider.helpers.HelperFactor - Cargando Measuredin con tid: 2132 scaleid: -1 tmethid: -1
INFO SwingWorker-pool-1-thread-2 org.cimmyt.cril.ibwb.provider.helpers.HelperFactor - Factor Name: TRIAL   FactorId: -213
INFO SwingWorker-pool-1-thread-2 org.cimmyt.cril.ibwb.provider.helpers.HelperFactor - Cargando Measuredin con tid: -1 scaleid: -6 tmethid: -4
INFO SwingWorker-pool-1-thread-2 org.cimmyt.cril.ibwb.provider.helpers.HelperFactor - Factor Name: ENTRY   FactorId: -221
INFO SwingWorker-pool-1-thread-2 org.cimmyt.cril.ibwb.provider.helpers.HelperFactor - Cargando Measuredin con tid: -6 scaleid: -6 tmethid: -4
INFO SwingWorker-pool-1-thread-2 org.cimmyt.cril.ibwb.provider.helpers.HelperFactor - Factor Name: PLOT   FactorId: -226
INFO SwingWorker-pool-1-thread-2 org.cimmyt.cril.ibwb.provider.helpers.HelperFactor - Cargando Measuredin con tid: -8 scaleid: -6 tmethid: -4
INFO SwingWorker-pool-1-thread-2 org.cimmyt.cril.ibwb.provider.helpers.HelperWorkbookRead - fill all variate as traits
INFO SwingWorker-pool-1-thread-2 org.cimmyt.cril.ibwb.provider.helpers.HelperVariate - Filling variate: Senescence0_100(1)  VariateId: -345
INFO SwingWorker-pool-1-thread-2 org.cimmyt.cril.ibwb.provider.helpers.HelperVariate - Filling variate: Senescence0_100(2)  VariateId: -346
INFO SwingWorker-pool-1-thread-2 org.cimmyt.cril.ibwb.provider.helpers.HelperVariate - Filling variate: Senescence0_100(3)  VariateId: -347
INFO SwingWorker-pool-1-thread-2 org.cimmyt.cril.ibwb.provider.helpers.HelperVariate - Filling variate: Senescense0_10  VariateId: -348
INFO SwingWorker-pool-1-thread-2 org.cimmyt.cril.ibwb.provider.helpers.HelperFactor - Factor Name: STUDY   FactorId: -210
INFO SwingWorker-pool-1-thread-2 org.cimmyt.cril.ibwb.provider.helpers.HelperFactor - Cargando Measuredin con tid: 2132 scaleid: -1 tmethid: -1
INFO SwingWorker-pool-1-thread-2 org.cimmyt.cril.ibwb.provider.helpers.HelperFactor - Factor Name: TRIAL   FactorId: -213
INFO SwingWorker-pool-1-thread-2 org.cimmyt.cril.ibwb.provider.helpers.HelperFactor - Cargando Measuredin con tid: -1 scaleid: -6 tmethid: -4
INFO SwingWorker-pool-1-thread-2 org.cimmyt.cril.ibwb.provider.helpers.HelperFactor - Factor Name: ENTRY   FactorId: -221
INFO SwingWorker-pool-1-thread-2 org.cimmyt.cril.ibwb.provider.helpers.HelperFactor - Cargando Measuredin con tid: -6 scaleid: -6 tmethid: -4
INFO SwingWorker-pool-1-thread-2 org.cimmyt.cril.ibwb.provider.helpers.HelperFactor - Factor Name: PLOT   FactorId: -226
INFO SwingWorker-pool-1-thread-2 org.cimmyt.cril.ibwb.provider.helpers.HelperFactor - Cargando Measuredin con tid: -8 scaleid: -6 tmethid: -4
INFO SwingWorker-pool-1-thread-2 org.cimmyt.cril.ibwb.provider.helpers.HelperEffect - Effect vale : -79 factorid: -210
INFO SwingWorker-pool-1-thread-2 org.cimmyt.cril.ibwb.provider.helpers.HelperEffect - Effect vale : -80 factorid: -210
INFO SwingWorker-pool-1-thread-2 org.cimmyt.cril.ibwb.provider.helpers.HelperEffect - Effect vale : -80 factorid: -213
INFO SwingWorker-pool-1-thread-2 org.cimmyt.cril.ibwb.provider.helpers.HelperEffect - Effect vale : -81 factorid: -210
INFO SwingWorker-pool-1-thread-2 org.cimmyt.cril.ibwb.provider.helpers.HelperEffect - Effect vale : -81 factorid: -213
INFO SwingWorker-pool-1-thread-2 org.cimmyt.cril.ibwb.provider.helpers.HelperEffect - Effect vale : -81 factorid: -221
INFO SwingWorker-pool-1-thread-2 org.cimmyt.cril.ibwb.provider.helpers.HelperEffect - Effect vale : -81 factorid: -226
INFO SwingWorker-pool-1-thread-2 org.cimmyt.cril.ibwb.provider.helpers.HelperWorkbookRead - Filling Study Conditions Data....
INFO SwingWorker-pool-1-thread-2 org.cimmyt.cril.ibwb.provider.helpers.HelperWorkbookRead - Filling Study Conditions DONE!!!!
INFO SwingWorker-pool-1-thread-2 org.cimmyt.cril.ibwb.provider.helpers.HelperWorkbookRead - Filling Trial Conditions Data....
INFO SwingWorker-pool-1-thread-2 org.cimmyt.cril.ibwb.provider.helpers.HelperWorkbookRead - Filling Trial Conditions DONE!!!!....
INFO SwingWorker-pool-1-thread-2 org.cimmyt.cril.ibwb.provider.helpers.HelperWorkbookRead - Filling Trial Germplasm Data....
INFO SwingWorker-pool-1-thread-2 org.cimmyt.cril.ibwb.provider.helpers.HelperWorkbookRead - Filling Trial Germplasm DONE!!!
INFO SwingWorker-pool-1-thread-2 org.cimmyt.cril.ibwb.provider.helpers.HelperWorkbookRead - Filling Observations Data....
INFO SwingWorker-pool-1-thread-2 org.cimmyt.cril.ibwb.provider.helpers.HelperWorkbookRead - filling FactorLabelData... 
INFO SwingWorker-pool-1-thread-2 org.cimmyt.cril.ibwb.provider.dao.helpers.HelperWorkbookReader - Getting trial randomization fast
INFO SwingWorker-pool-1-thread-2 org.cimmyt.cril.ibwb.provider.dao.helpers.HelperWorkbookReader - Definiendo orden de busquedas
INFO SwingWorker-pool-1-thread-2 org.cimmyt.cril.ibwb.provider.dao.helpers.HelperWorkbookReader - Getting trial randomization fast.... DONE
INFO SwingWorker-pool-1-thread-2 org.cimmyt.cril.ibwb.provider.dao.helpers.HelperWorkbookReader - Getting variates fast....
INFO SwingWorker-pool-1-thread-2 org.cimmyt.cril.ibwb.provider.dao.helpers.HelperWorkbookReader - Getting variates fast.... DONE
INFO SwingWorker-pool-1-thread-2 org.cimmyt.cril.ibwb.provider.helpers.HelperWorkbookRead - filling FactorLabelData DONE... 
INFO SwingWorker-pool-1-thread-2 org.cimmyt.cril.ibwb.provider.helpers.HelperWorkbookRead - Filling Observations Data DONE!!!
ERROR AWT-EventQueue-1 org.cimmyt.cril.ibwb.provider.helpers.HelperTransformations - La formula encontrada dentro del TmsMeasuredin es incompatible.
INFO AWT-EventQueue-1 org.cimmyt.cril.ibwb.provider.dao.TraitsDAO - Checking if Traits table exists
INFO AWT-EventQueue-1 org.cimmyt.cril.ibwb.provider.dao.TraitsDAO - Traits table found!
INFO AWT-EventQueue-1 org.cimmyt.cril.ibwb.provider.dao.TraitsDAO - Checking if Traits table exists DONE....
INFO AWT-EventQueue-1 org.cimmyt.cril.ibwb.provider.dao.TraitsDAO - Checking if Traits table exists
INFO AWT-EventQueue-1 org.cimmyt.cril.ibwb.provider.dao.TraitsDAO - Traits table found!
INFO AWT-EventQueue-1 org.cimmyt.cril.ibwb.provider.dao.TraitsDAO - Checking if Traits table exists DONE....
INFO AWT-EventQueue-1 org.cimmyt.cril.ibwb.provider.dao.TransformationsDAO - Checking if TmsTransformations table exists
INFO AWT-EventQueue-1 org.cimmyt.cril.ibwb.provider.dao.TransformationsDAO - TmsTransformations table found!
INFO AWT-EventQueue-1 org.cimmyt.cril.ibwb.provider.dao.TransformationsDAO - Checking if TmsTransformations table exists DONE....
INFO AWT-EventQueue-1 org.cimmyt.cril.ibwb.provider.dao.TransformationsDAO - Checking if TmsTransformations table exists
INFO AWT-EventQueue-1 org.cimmyt.cril.ibwb.provider.dao.TransformationsDAO - TmsTransformations table found!
INFO AWT-EventQueue-1 org.cimmyt.cril.ibwb.provider.dao.TransformationsDAO - Checking if TmsTransformations table exists DONE....
INFO AWT-EventQueue-1 org.cimmyt.cril.ibwb.provider.dao.ContinuousConversionDAO - Checking if TmsContinuous-conversion table exists
INFO AWT-EventQueue-1 org.cimmyt.cril.ibwb.provider.dao.ContinuousConversionDAO - TmsContinuous-conversion table found!
INFO AWT-EventQueue-1 org.cimmyt.cril.ibwb.provider.dao.ContinuousConversionDAO - Checking if TmsContinuous-conversion table exists DONE....
INFO AWT-EventQueue-1 org.cimmyt.cril.ibwb.provider.dao.ContinuousConversionDAO - Checking if TmsContinuous-conversion table exists
INFO AWT-EventQueue-1 org.cimmyt.cril.ibwb.provider.dao.ContinuousConversionDAO - TmsContinuous-conversion table found!
INFO AWT-EventQueue-1 org.cimmyt.cril.ibwb.provider.dao.ContinuousConversionDAO - Checking if TmsContinuous-conversion table exists DONE....
INFO AWT-EventQueue-1 org.cimmyt.cril.ibwb.provider.dao.ContinuousFunctionDAO - Checking if TmsContinuous-function table exists
INFO AWT-EventQueue-1 org.cimmyt.cril.ibwb.provider.dao.ContinuousFunctionDAO - TmsContinuous-function table found!
INFO AWT-EventQueue-1 org.cimmyt.cril.ibwb.provider.dao.ContinuousFunctionDAO - Checking if TmsContinuous-function table exists DONE....
INFO AWT-EventQueue-1 org.cimmyt.cril.ibwb.provider.dao.ContinuousFunctionDAO - Checking if TmsContinuous-function table exists
INFO AWT-EventQueue-1 org.cimmyt.cril.ibwb.provider.dao.ContinuousFunctionDAO - TmsContinuous-function table found!
INFO AWT-EventQueue-1 org.cimmyt.cril.ibwb.provider.dao.ContinuousFunctionDAO - Checking if TmsContinuous-function table exists DONE....
INFO AWT-EventQueue-1 org.cimmyt.cril.ibwb.provider.dao.DiscreteConversionDAO - Checking if TmsDiscrete-conversion table exists
INFO AWT-EventQueue-1 org.cimmyt.cril.ibwb.provider.dao.DiscreteConversionDAO - TmsDiscrete-conversion table found!
INFO AWT-EventQueue-1 org.cimmyt.cril.ibwb.provider.dao.DiscreteConversionDAO - Checking if TmsDiscrete-conversion table exists DONE....
INFO AWT-EventQueue-1 org.cimmyt.cril.ibwb.provider.dao.DiscreteConversionDAO - Checking if TmsDiscrete-conversion table exists
INFO AWT-EventQueue-1 org.cimmyt.cril.ibwb.provider.dao.DiscreteConversionDAO - TmsDiscrete-conversion table found!
INFO AWT-EventQueue-1 org.cimmyt.cril.ibwb.provider.dao.DiscreteConversionDAO - Checking if TmsDiscrete-conversion table exists DONE....
INFO AWT-EventQueue-1 org.cimmyt.cril.ibwb.provider.dao.TmsConsistencyChecksDAO - Checking if TmsConsistency-checks table exists
INFO AWT-EventQueue-1 org.cimmyt.cril.ibwb.provider.dao.TmsConsistencyChecksDAO - TmsConsistency-checks table found!
INFO AWT-EventQueue-1 org.cimmyt.cril.ibwb.provider.dao.TmsConsistencyChecksDAO - Checking if TmsConsistency-checks table exists DONE....
INFO AWT-EventQueue-1 org.cimmyt.cril.ibwb.provider.dao.TmsConsistencyChecksDAO - Checking if TmsConsistency-checks table exists
INFO AWT-EventQueue-1 org.cimmyt.cril.ibwb.provider.dao.TmsConsistencyChecksDAO - TmsConsistency-checks table found!
INFO AWT-EventQueue-1 org.cimmyt.cril.ibwb.provider.dao.TmsConsistencyChecksDAO - Checking if TmsConsistency-checks table exists DONE....
INFO SwingWorker-pool-1-thread-1 org.cimmyt.cril.ibwb.provider.helpers.HelperWorkbookRead - Read study full: -14
INFO SwingWorker-pool-1-thread-1 org.cimmyt.cril.ibwb.provider.helpers.HelperWorkbookRead - Read list all factors.
INFO SwingWorker-pool-1-thread-1 org.cimmyt.cril.ibwb.provider.helpers.HelperEffect - Effect vale : -79 factorid: -210
INFO SwingWorker-pool-1-thread-1 org.cimmyt.cril.ibwb.provider.helpers.HelperEffect - Effect vale : -80 factorid: -210
INFO SwingWorker-pool-1-thread-1 org.cimmyt.cril.ibwb.provider.helpers.HelperEffect - Effect vale : -80 factorid: -213
INFO SwingWorker-pool-1-thread-1 org.cimmyt.cril.ibwb.provider.helpers.HelperEffect - Effect vale : -81 factorid: -210
INFO SwingWorker-pool-1-thread-1 org.cimmyt.cril.ibwb.provider.helpers.HelperEffect - Effect vale : -81 factorid: -213
INFO SwingWorker-pool-1-thread-1 org.cimmyt.cril.ibwb.provider.helpers.HelperEffect - Effect vale : -81 factorid: -221
INFO SwingWorker-pool-1-thread-1 org.cimmyt.cril.ibwb.provider.helpers.HelperEffect - Effect vale : -81 factorid: -226
INFO SwingWorker-pool-1-thread-1 org.cimmyt.cril.ibwb.provider.helpers.HelperFactor - Factor Name: STUDY   FactorId: -210
INFO SwingWorker-pool-1-thread-1 org.cimmyt.cril.ibwb.provider.helpers.HelperFactor - Cargando Measuredin con tid: 2132 scaleid: -1 tmethid: -1
INFO SwingWorker-pool-1-thread-1 org.cimmyt.cril.ibwb.provider.helpers.HelperFactor - Factor Name: TRIAL   FactorId: -213
INFO SwingWorker-pool-1-thread-1 org.cimmyt.cril.ibwb.provider.helpers.HelperFactor - Cargando Measuredin con tid: -1 scaleid: -6 tmethid: -4
INFO SwingWorker-pool-1-thread-1 org.cimmyt.cril.ibwb.provider.helpers.HelperFactor - Factor Name: ENTRY   FactorId: -221
INFO SwingWorker-pool-1-thread-1 org.cimmyt.cril.ibwb.provider.helpers.HelperFactor - Cargando Measuredin con tid: -6 scaleid: -6 tmethid: -4
INFO SwingWorker-pool-1-thread-1 org.cimmyt.cril.ibwb.provider.helpers.HelperFactor - Factor Name: PLOT   FactorId: -226
INFO SwingWorker-pool-1-thread-1 org.cimmyt.cril.ibwb.provider.helpers.HelperFactor - Cargando Measuredin con tid: -8 scaleid: -6 tmethid: -4
INFO SwingWorker-pool-1-thread-1 org.cimmyt.cril.ibwb.provider.dao.FactorDAO -  -- getFactorsByFactorsids[-210, -213, -221, -226]
INFO SwingWorker-pool-1-thread-1 org.cimmyt.cril.ibwb.provider.helpers.HelperFactor - Factor Name: STUDY   FactorId: -210
INFO SwingWorker-pool-1-thread-1 org.cimmyt.cril.ibwb.provider.helpers.HelperFactor - Cargando Measuredin con tid: 2132 scaleid: -1 tmethid: -1
INFO SwingWorker-pool-1-thread-1 org.cimmyt.cril.ibwb.provider.helpers.HelperFactor - Cargando levels del factor: STUDY labelid: -210
INFO SwingWorker-pool-1-thread-1 org.cimmyt.cril.ibwb.provider.helpers.HelperFactor - Level tipo C.
INFO SwingWorker-pool-1-thread-1 org.cimmyt.cril.ibwb.provider.helpers.HelperFactor - Factor Name: PI Name   FactorId: -210
INFO SwingWorker-pool-1-thread-1 org.cimmyt.cril.ibwb.provider.helpers.HelperFactor - Cargando Measuredin con tid: -3 scaleid: -4 tmethid: -5
INFO SwingWorker-pool-1-thread-1 org.cimmyt.cril.ibwb.provider.helpers.HelperFactor - Cargando levels del factor: PI Name labelid: -211
INFO SwingWorker-pool-1-thread-1 org.cimmyt.cril.ibwb.provider.helpers.HelperFactor - Level tipo C.
INFO SwingWorker-pool-1-thread-1 org.cimmyt.cril.ibwb.provider.helpers.HelperFactor - Factor Name: PI ID   FactorId: -210
INFO SwingWorker-pool-1-thread-1 org.cimmyt.cril.ibwb.provider.helpers.HelperFactor - Cargando Measuredin con tid: -3 scaleid: -3 tmethid: -5
INFO SwingWorker-pool-1-thread-1 org.cimmyt.cril.ibwb.provider.helpers.HelperFactor - Cargando levels del factor: PI ID labelid: -212
INFO SwingWorker-pool-1-thread-1 org.cimmyt.cril.ibwb.provider.helpers.HelperFactor - Level tipo N.
INFO SwingWorker-pool-1-thread-1 org.cimmyt.cril.ibwb.provider.helpers.HelperFactor - Factor Name: TRIAL   FactorId: -213
INFO SwingWorker-pool-1-thread-1 org.cimmyt.cril.ibwb.provider.helpers.HelperFactor - Cargando Measuredin con tid: -1 scaleid: -6 tmethid: -4
INFO SwingWorker-pool-1-thread-1 org.cimmyt.cril.ibwb.provider.helpers.HelperFactor - Cargando levels del factor: TRIAL labelid: -213
INFO SwingWorker-pool-1-thread-1 org.cimmyt.cril.ibwb.provider.helpers.HelperFactor - Level tipo N.
INFO SwingWorker-pool-1-thread-1 org.cimmyt.cril.ibwb.provider.helpers.HelperFactor - Factor Name: SITE   FactorId: -213
INFO SwingWorker-pool-1-thread-1 org.cimmyt.cril.ibwb.provider.helpers.HelperFactor - Cargando Measuredin con tid: -4 scaleid: -4 tmethid: -5
INFO SwingWorker-pool-1-thread-1 org.cimmyt.cril.ibwb.provider.helpers.HelperFactor - Cargando levels del factor: SITE labelid: -214
INFO SwingWorker-pool-1-thread-1 org.cimmyt.cril.ibwb.provider.helpers.HelperFactor - Level tipo C.
INFO SwingWorker-pool-1-thread-1 org.cimmyt.cril.ibwb.provider.helpers.HelperFactor - Factor Name: SITE ID   FactorId: -213
INFO SwingWorker-pool-1-thread-1 org.cimmyt.cril.ibwb.provider.helpers.HelperFactor - Cargando Measuredin con tid: -4 scaleid: -3 tmethid: -5
INFO SwingWorker-pool-1-thread-1 org.cimmyt.cril.ibwb.provider.helpers.HelperFactor - Cargando levels del factor: SITE ID labelid: -215
INFO SwingWorker-pool-1-thread-1 org.cimmyt.cril.ibwb.provider.helpers.HelperFactor - Level tipo N.
INFO SwingWorker-pool-1-thread-1 org.cimmyt.cril.ibwb.provider.helpers.HelperFactor - Factor Name: PlantingDate   FactorId: -213
INFO SwingWorker-pool-1-thread-1 org.cimmyt.cril.ibwb.provider.helpers.HelperFactor - Cargando Measuredin con tid: 2144 scaleid: 7 tmethid: 2144
INFO SwingWorker-pool-1-thread-1 org.cimmyt.cril.ibwb.provider.helpers.HelperFactor - Cargando levels del factor: PlantingDate labelid: -216
INFO SwingWorker-pool-1-thread-1 org.cimmyt.cril.ibwb.provider.helpers.HelperFactor - Level tipo C.
INFO SwingWorker-pool-1-thread-1 org.cimmyt.cril.ibwb.provider.helpers.HelperFactor - Factor Name: Season   FactorId: -213
INFO SwingWorker-pool-1-thread-1 org.cimmyt.cril.ibwb.provider.helpers.HelperFactor - Cargando Measuredin con tid: 2137 scaleid: 11 tmethid: 2137
INFO SwingWorker-pool-1-thread-1 org.cimmyt.cril.ibwb.provider.helpers.HelperFactor - Cargando levels del factor: Season labelid: -217
INFO SwingWorker-pool-1-thread-1 org.cimmyt.cril.ibwb.provider.helpers.HelperFactor - Level tipo C.
INFO SwingWorker-pool-1-thread-1 org.cimmyt.cril.ibwb.provider.helpers.HelperFactor - Factor Name: Collaborator   FactorId: -213
INFO SwingWorker-pool-1-thread-1 org.cimmyt.cril.ibwb.provider.helpers.HelperFactor - Cargando Measuredin con tid: -3 scaleid: -1 tmethid: -5
INFO SwingWorker-pool-1-thread-1 org.cimmyt.cril.ibwb.provider.helpers.HelperFactor - Cargando levels del factor: Collaborator labelid: -218
INFO SwingWorker-pool-1-thread-1 org.cimmyt.cril.ibwb.provider.helpers.HelperFactor - Level tipo C.
INFO SwingWorker-pool-1-thread-1 org.cimmyt.cril.ibwb.provider.helpers.HelperFactor - Factor Name: BreedingProg   FactorId: -213
INFO SwingWorker-pool-1-thread-1 org.cimmyt.cril.ibwb.provider.helpers.HelperFactor - Cargando Measuredin con tid: 2133 scaleid: 11 tmethid: 2133
INFO SwingWorker-pool-1-thread-1 org.cimmyt.cril.ibwb.provider.helpers.HelperFactor - Cargando levels del factor: BreedingProg labelid: -219
INFO SwingWorker-pool-1-thread-1 org.cimmyt.cril.ibwb.provider.helpers.HelperFactor - Level tipo C.
INFO SwingWorker-pool-1-thread-1 org.cimmyt.cril.ibwb.provider.helpers.HelperFactor - Factor Name: Harvest Date   FactorId: -213
INFO SwingWorker-pool-1-thread-1 org.cimmyt.cril.ibwb.provider.helpers.HelperFactor - Cargando Measuredin con tid: 2145 scaleid: 7 tmethid: 2145
INFO SwingWorker-pool-1-thread-1 org.cimmyt.cril.ibwb.provider.helpers.HelperFactor - Cargando levels del factor: Harvest Date labelid: -220
INFO SwingWorker-pool-1-thread-1 org.cimmyt.cril.ibwb.provider.helpers.HelperFactor - Level tipo N.
INFO SwingWorker-pool-1-thread-1 org.cimmyt.cril.ibwb.provider.helpers.HelperFactor - Factor Name: ENTRY   FactorId: -221
INFO SwingWorker-pool-1-thread-1 org.cimmyt.cril.ibwb.provider.helpers.HelperFactor - Cargando Measuredin con tid: -6 scaleid: -6 tmethid: -4
INFO SwingWorker-pool-1-thread-1 org.cimmyt.cril.ibwb.provider.helpers.HelperFactor - Cargando levels del factor: ENTRY labelid: -221
INFO SwingWorker-pool-1-thread-1 org.cimmyt.cril.ibwb.provider.helpers.HelperFactor - Level tipo N.
INFO SwingWorker-pool-1-thread-1 org.cimmyt.cril.ibwb.provider.helpers.HelperFactor - Factor Name: GID   FactorId: -221
INFO SwingWorker-pool-1-thread-1 org.cimmyt.cril.ibwb.provider.helpers.HelperFactor - Cargando Measuredin con tid: -7 scaleid: -3 tmethid: -5
INFO SwingWorker-pool-1-thread-1 org.cimmyt.cril.ibwb.provider.helpers.HelperFactor - Cargando levels del factor: GID labelid: -222
INFO SwingWorker-pool-1-thread-1 org.cimmyt.cril.ibwb.provider.helpers.HelperFactor - Level tipo N.
INFO SwingWorker-pool-1-thread-1 org.cimmyt.cril.ibwb.provider.helpers.HelperFactor - Factor Name: DESIG   FactorId: -221
INFO SwingWorker-pool-1-thread-1 org.cimmyt.cril.ibwb.provider.helpers.HelperFactor - Cargando Measuredin con tid: -7 scaleid: -4 tmethid: -5
INFO SwingWorker-pool-1-thread-1 org.cimmyt.cril.ibwb.provider.helpers.HelperFactor - Cargando levels del factor: DESIG labelid: -223
INFO SwingWorker-pool-1-thread-1 org.cimmyt.cril.ibwb.provider.helpers.HelperFactor - Level tipo C.
INFO SwingWorker-pool-1-thread-1 org.cimmyt.cril.ibwb.provider.helpers.HelperFactor - Factor Name: StockID   FactorId: -221
INFO SwingWorker-pool-1-thread-1 org.cimmyt.cril.ibwb.provider.helpers.HelperFactor - Cargando Measuredin con tid: -13 scaleid: -1 tmethid: -5
INFO SwingWorker-pool-1-thread-1 org.cimmyt.cril.ibwb.provider.helpers.HelperFactor - Cargando levels del factor: StockID labelid: -224
INFO SwingWorker-pool-1-thread-1 org.cimmyt.cril.ibwb.provider.helpers.HelperFactor - Level tipo C.
INFO SwingWorker-pool-1-thread-1 org.cimmyt.cril.ibwb.provider.helpers.HelperFactor - Factor Name: BreedersPedigree1   FactorId: -221
INFO SwingWorker-pool-1-thread-1 org.cimmyt.cril.ibwb.provider.helpers.HelperFactor - Cargando Measuredin con tid: -14 scaleid: -7 tmethid: -65
INFO SwingWorker-pool-1-thread-1 org.cimmyt.cril.ibwb.provider.helpers.HelperFactor - Cargando levels del factor: BreedersPedigree1 labelid: -225
INFO SwingWorker-pool-1-thread-1 org.cimmyt.cril.ibwb.provider.helpers.HelperFactor - Level tipo C.
INFO SwingWorker-pool-1-thread-1 org.cimmyt.cril.ibwb.provider.helpers.HelperFactor - Factor Name: PLOT   FactorId: -226
INFO SwingWorker-pool-1-thread-1 org.cimmyt.cril.ibwb.provider.helpers.HelperFactor - Cargando Measuredin con tid: -8 scaleid: -6 tmethid: -4
INFO SwingWorker-pool-1-thread-1 org.cimmyt.cril.ibwb.provider.helpers.HelperFactor - Cargando levels del factor: PLOT labelid: -226
INFO SwingWorker-pool-1-thread-1 org.cimmyt.cril.ibwb.provider.helpers.HelperFactor - Level tipo N.
INFO SwingWorker-pool-1-thread-1 org.cimmyt.cril.ibwb.provider.helpers.HelperFactor - Factor Name: REP   FactorId: -226
INFO SwingWorker-pool-1-thread-1 org.cimmyt.cril.ibwb.provider.helpers.HelperFactor - Cargando Measuredin con tid: -9 scaleid: -6 tmethid: -4
INFO SwingWorker-pool-1-thread-1 org.cimmyt.cril.ibwb.provider.helpers.HelperFactor - Cargando levels del factor: REP labelid: -227
INFO SwingWorker-pool-1-thread-1 org.cimmyt.cril.ibwb.provider.helpers.HelperFactor - Level tipo N.
INFO SwingWorker-pool-1-thread-1 org.cimmyt.cril.ibwb.provider.helpers.HelperFactor - Factor Name: BLOCK   FactorId: -226
INFO SwingWorker-pool-1-thread-1 org.cimmyt.cril.ibwb.provider.helpers.HelperFactor - Cargando Measuredin con tid: -10 scaleid: -6 tmethid: -4
INFO SwingWorker-pool-1-thread-1 org.cimmyt.cril.ibwb.provider.helpers.HelperFactor - Cargando levels del factor: BLOCK labelid: -228
INFO SwingWorker-pool-1-thread-1 org.cimmyt.cril.ibwb.provider.helpers.HelperFactor - Level tipo N.
INFO SwingWorker-pool-1-thread-1 org.cimmyt.cril.ibwb.provider.helpers.HelperEffect - Effect vale : -79 factorid: -210
INFO SwingWorker-pool-1-thread-1 org.cimmyt.cril.ibwb.provider.helpers.HelperEffect - Effect vale : -80 factorid: -210
INFO SwingWorker-pool-1-thread-1 org.cimmyt.cril.ibwb.provider.helpers.HelperEffect - Effect vale : -80 factorid: -213
INFO SwingWorker-pool-1-thread-1 org.cimmyt.cril.ibwb.provider.helpers.HelperEffect - Effect vale : -81 factorid: -210
INFO SwingWorker-pool-1-thread-1 org.cimmyt.cril.ibwb.provider.helpers.HelperEffect - Effect vale : -81 factorid: -213
INFO SwingWorker-pool-1-thread-1 org.cimmyt.cril.ibwb.provider.helpers.HelperEffect - Effect vale : -81 factorid: -221
INFO SwingWorker-pool-1-thread-1 org.cimmyt.cril.ibwb.provider.helpers.HelperEffect - Effect vale : -81 factorid: -226
INFO SwingWorker-pool-1-thread-1 org.cimmyt.cril.ibwb.provider.helpers.HelperFactor - Factor Name: STUDY   FactorId: -210
INFO SwingWorker-pool-1-thread-1 org.cimmyt.cril.ibwb.provider.helpers.HelperFactor - Cargando Measuredin con tid: 2132 scaleid: -1 tmethid: -1
INFO SwingWorker-pool-1-thread-1 org.cimmyt.cril.ibwb.provider.helpers.HelperFactor - Factor Name: TRIAL   FactorId: -213
INFO SwingWorker-pool-1-thread-1 org.cimmyt.cril.ibwb.provider.helpers.HelperFactor - Cargando Measuredin con tid: -1 scaleid: -6 tmethid: -4
INFO SwingWorker-pool-1-thread-1 org.cimmyt.cril.ibwb.provider.helpers.HelperFactor - Factor Name: ENTRY   FactorId: -221
INFO SwingWorker-pool-1-thread-1 org.cimmyt.cril.ibwb.provider.helpers.HelperFactor - Cargando Measuredin con tid: -6 scaleid: -6 tmethid: -4
INFO SwingWorker-pool-1-thread-1 org.cimmyt.cril.ibwb.provider.helpers.HelperFactor - Factor Name: PLOT   FactorId: -226
INFO SwingWorker-pool-1-thread-1 org.cimmyt.cril.ibwb.provider.helpers.HelperFactor - Cargando Measuredin con tid: -8 scaleid: -6 tmethid: -4
INFO SwingWorker-pool-1-thread-1 org.cimmyt.cril.ibwb.provider.helpers.HelperWorkbookRead - fill all variate as traits
INFO SwingWorker-pool-1-thread-1 org.cimmyt.cril.ibwb.provider.helpers.HelperVariate - Filling variate: Senescence0_100(1)  VariateId: -345
INFO SwingWorker-pool-1-thread-1 org.cimmyt.cril.ibwb.provider.helpers.HelperVariate - Filling variate: Senescence0_100(2)  VariateId: -346
INFO SwingWorker-pool-1-thread-1 org.cimmyt.cril.ibwb.provider.helpers.HelperVariate - Filling variate: Senescence0_100(3)  VariateId: -347
INFO SwingWorker-pool-1-thread-1 org.cimmyt.cril.ibwb.provider.helpers.HelperVariate - Filling variate: Senescense0_10  VariateId: -348
INFO SwingWorker-pool-1-thread-1 org.cimmyt.cril.ibwb.provider.helpers.HelperFactor - Factor Name: STUDY   FactorId: -210
INFO SwingWorker-pool-1-thread-1 org.cimmyt.cril.ibwb.provider.helpers.HelperFactor - Cargando Measuredin con tid: 2132 scaleid: -1 tmethid: -1
INFO SwingWorker-pool-1-thread-1 org.cimmyt.cril.ibwb.provider.helpers.HelperFactor - Factor Name: TRIAL   FactorId: -213
INFO SwingWorker-pool-1-thread-1 org.cimmyt.cril.ibwb.provider.helpers.HelperFactor - Cargando Measuredin con tid: -1 scaleid: -6 tmethid: -4
INFO SwingWorker-pool-1-thread-1 org.cimmyt.cril.ibwb.provider.helpers.HelperFactor - Factor Name: ENTRY   FactorId: -221
INFO SwingWorker-pool-1-thread-1 org.cimmyt.cril.ibwb.provider.helpers.HelperFactor - Cargando Measuredin con tid: -6 scaleid: -6 tmethid: -4
INFO SwingWorker-pool-1-thread-1 org.cimmyt.cril.ibwb.provider.helpers.HelperFactor - Factor Name: PLOT   FactorId: -226
INFO SwingWorker-pool-1-thread-1 org.cimmyt.cril.ibwb.provider.helpers.HelperFactor - Cargando Measuredin con tid: -8 scaleid: -6 tmethid: -4
INFO SwingWorker-pool-1-thread-1 org.cimmyt.cril.ibwb.provider.helpers.HelperEffect - Effect vale : -79 factorid: -210
INFO SwingWorker-pool-1-thread-1 org.cimmyt.cril.ibwb.provider.helpers.HelperEffect - Effect vale : -80 factorid: -210
INFO SwingWorker-pool-1-thread-1 org.cimmyt.cril.ibwb.provider.helpers.HelperEffect - Effect vale : -80 factorid: -213
INFO SwingWorker-pool-1-thread-1 org.cimmyt.cril.ibwb.provider.helpers.HelperEffect - Effect vale : -81 factorid: -210
INFO SwingWorker-pool-1-thread-1 org.cimmyt.cril.ibwb.provider.helpers.HelperEffect - Effect vale : -81 factorid: -213
INFO SwingWorker-pool-1-thread-1 org.cimmyt.cril.ibwb.provider.helpers.HelperEffect - Effect vale : -81 factorid: -221
INFO SwingWorker-pool-1-thread-1 org.cimmyt.cril.ibwb.provider.helpers.HelperEffect - Effect vale : -81 factorid: -226
INFO SwingWorker-pool-1-thread-1 org.cimmyt.cril.ibwb.provider.helpers.HelperWorkbookRead - Filling Study Conditions Data....
INFO SwingWorker-pool-1-thread-1 org.cimmyt.cril.ibwb.provider.helpers.HelperWorkbookRead - Filling Study Conditions DONE!!!!
INFO SwingWorker-pool-1-thread-1 org.cimmyt.cril.ibwb.provider.helpers.HelperWorkbookRead - Filling Trial Conditions Data....
INFO SwingWorker-pool-1-thread-1 org.cimmyt.cril.ibwb.provider.helpers.HelperWorkbookRead - Filling Trial Conditions DONE!!!!....
INFO SwingWorker-pool-1-thread-1 org.cimmyt.cril.ibwb.provider.helpers.HelperWorkbookRead - Filling Trial Germplasm Data....
INFO SwingWorker-pool-1-thread-1 org.cimmyt.cril.ibwb.provider.helpers.HelperWorkbookRead - Filling Trial Germplasm DONE!!!
INFO SwingWorker-pool-1-thread-1 org.cimmyt.cril.ibwb.provider.helpers.HelperWorkbookRead - Filling Observations Data....
INFO SwingWorker-pool-1-thread-1 org.cimmyt.cril.ibwb.provider.helpers.HelperWorkbookRead - filling FactorLabelData... 
INFO SwingWorker-pool-1-thread-1 org.cimmyt.cril.ibwb.provider.dao.helpers.HelperWorkbookReader - Getting trial randomization fast
INFO SwingWorker-pool-1-thread-1 org.cimmyt.cril.ibwb.provider.dao.helpers.HelperWorkbookReader - Definiendo orden de busquedas
INFO SwingWorker-pool-1-thread-1 org.cimmyt.cril.ibwb.provider.dao.helpers.HelperWorkbookReader - Getting trial randomization fast.... DONE
INFO SwingWorker-pool-1-thread-1 org.cimmyt.cril.ibwb.provider.dao.helpers.HelperWorkbookReader - Getting variates fast....
INFO SwingWorker-pool-1-thread-1 org.cimmyt.cril.ibwb.provider.dao.helpers.HelperWorkbookReader - Getting variates fast.... DONE
INFO SwingWorker-pool-1-thread-1 org.cimmyt.cril.ibwb.provider.helpers.HelperWorkbookRead - filling FactorLabelData DONE... 
INFO SwingWorker-pool-1-thread-1 org.cimmyt.cril.ibwb.provider.helpers.HelperWorkbookRead - Filling Observations Data DONE!!!
ERROR AWT-EventQueue-1 org.cimmyt.cril.ibwb.provider.helpers.HelperTransformations - La formula encontrada dentro del TmsMeasuredin es incompatible.
