INFO SwingWorker-pool-1-thread-2 org.cimmyt.cril.ibwb.provider.helpers.HelperFactor - Saving level for ENTRY factor: GID  with value: -52
INFO SwingWorker-pool-1-thread-2 org.cimmyt.cril.ibwb.provider.helpers.HelperFactor - Saving level for ENTRY factor: DESIG  with value: (CML 451 X (RCYA 99-20)-B-B-42-2)-B-42-1-1/(CML 451 X P 390AM/CML C 4 F 68-B-1-B)-B-11-4-1
INFO SwingWorker-pool-1-thread-2 org.cimmyt.cril.ibwb.provider.helpers.HelperFactor - Saving level for ENTRY factor: StockID  with value: MaizeF_GermplasmList.xls:52/MaizeM_GermplasmList.xls:52
INFO SwingWorker-pool-1-thread-2 org.cimmyt.cril.ibwb.provider.helpers.HelperFactor - Saving level for ENTRY factor: BreedersPedigree1  with value: -
INFO SwingWorker-pool-1-thread-2 org.cimmyt.cril.ibwb.provider.helpers.HelperFactor - Saving level for ENTRY factor: ENTRY  with value: 53
INFO SwingWorker-pool-1-thread-2 org.cimmyt.cril.ibwb.provider.helpers.HelperFactor - Saving level for ENTRY factor: GID  with value: -53
INFO SwingWorker-pool-1-thread-2 org.cimmyt.cril.ibwb.provider.helpers.HelperFactor - Saving level for ENTRY factor: DESIG  with value: (CML 451 X (RCYA 99-20)-B-B-42-2)-B-45-1-1/(CML 451 X P 390AM/CML C 4 F 68-B-1-B)-B-29-1-1
INFO SwingWorker-pool-1-thread-2 org.cimmyt.cril.ibwb.provider.helpers.HelperFactor - Saving level for ENTRY factor: StockID  with value: MaizeF_GermplasmList.xls:53/MaizeM_GermplasmList.xls:53
INFO SwingWorker-pool-1-thread-2 org.cimmyt.cril.ibwb.provider.helpers.HelperFactor - Saving level for ENTRY factor: BreedersPedigree1  with value: -
INFO SwingWorker-pool-1-thread-2 org.cimmyt.cril.ibwb.provider.helpers.HelperFactor - Saving level for ENTRY factor: ENTRY  with value: 54
INFO SwingWorker-pool-1-thread-2 org.cimmyt.cril.ibwb.provider.helpers.HelperFactor - Saving level for ENTRY factor: GID  with value: -54
INFO SwingWorker-pool-1-thread-2 org.cimmyt.cril.ibwb.provider.helpers.HelperFactor - Saving level for ENTRY factor: DESIG  with value: (CML 451 X (RCYA 99-20)-B-B-42-2)-B-45-1-2/(CML 451 X P 390AM/CML C 4 F 68-B-1-B)-B-29-1-2
INFO SwingWorker-pool-1-thread-2 org.cimmyt.cril.ibwb.provider.helpers.HelperFactor - Saving level for ENTRY factor: StockID  with value: MaizeF_GermplasmList.xls:54/MaizeM_GermplasmList.xls:54
INFO SwingWorker-pool-1-thread-2 org.cimmyt.cril.ibwb.provider.helpers.HelperFactor - Saving level for ENTRY factor: BreedersPedigree1  with value: -
INFO SwingWorker-pool-1-thread-2 org.cimmyt.cril.ibwb.provider.helpers.HelperFactor - Saving level for ENTRY factor: ENTRY  with value: 55
INFO SwingWorker-pool-1-thread-2 org.cimmyt.cril.ibwb.provider.helpers.HelperFactor - Saving level for ENTRY factor: GID  with value: -55
INFO SwingWorker-pool-1-thread-2 org.cimmyt.cril.ibwb.provider.helpers.HelperFactor - Saving level for ENTRY factor: DESIG  with value: (CML 451 X (RCYA 99-20)-B-B-42-2)-B-49-1-1/(CML 451 X P 390AM/CML C 4 F 68-B-1-B)-B-32-1-1
INFO SwingWorker-pool-1-thread-2 org.cimmyt.cril.ibwb.provider.helpers.HelperFactor - Saving level for ENTRY factor: StockID  with value: MaizeF_GermplasmList.xls:55/MaizeM_GermplasmList.xls:55
INFO SwingWorker-pool-1-thread-2 org.cimmyt.cril.ibwb.provider.helpers.HelperFactor - Saving level for ENTRY factor: BreedersPedigree1  with value: -
INFO SwingWorker-pool-1-thread-2 org.cimmyt.cril.ibwb.provider.helpers.HelperFactor - Saving level for ENTRY factor: ENTRY  with value: 56
INFO SwingWorker-pool-1-thread-2 org.cimmyt.cril.ibwb.provider.helpers.HelperFactor - Saving level for ENTRY factor: GID  with value: -56
INFO SwingWorker-pool-1-thread-2 org.cimmyt.cril.ibwb.provider.helpers.HelperFactor - Saving level for ENTRY factor: DESIG  with value: (CML 451 X (RCYA 99-20)-B-B-42-2)-B-49-1-2/(CML 451 X P 390AM/CML C 4 F 68-B-1-B)-B-32-1-2
INFO SwingWorker-pool-1-thread-2 org.cimmyt.cril.ibwb.provider.helpers.HelperFactor - Saving level for ENTRY factor: StockID  with value: MaizeF_GermplasmList.xls:56/MaizeM_GermplasmList.xls:56
INFO SwingWorker-pool-1-thread-2 org.cimmyt.cril.ibwb.provider.helpers.HelperFactor - Saving level for ENTRY factor: BreedersPedigree1  with value: -
INFO SwingWorker-pool-1-thread-2 org.cimmyt.cril.ibwb.provider.helpers.HelperFactor - Saving level for ENTRY factor: ENTRY  with value: 57
INFO SwingWorker-pool-1-thread-2 org.cimmyt.cril.ibwb.provider.helpers.HelperFactor - Saving level for ENTRY factor: GID  with value: -57
INFO SwingWorker-pool-1-thread-2 org.cimmyt.cril.ibwb.provider.helpers.HelperFactor - Saving level for ENTRY factor: DESIG  with value: (CML 451 X (RCYA 99-21)-B-B-18-1)-B-1-1-1/(CML 451 X P 390AM/CML C 4 F 68-B-1-B)-B-32-1-3
INFO SwingWorker-pool-1-thread-2 org.cimmyt.cril.ibwb.provider.helpers.HelperFactor - Saving level for ENTRY factor: StockID  with value: MaizeF_GermplasmList.xls:57/MaizeM_GermplasmList.xls:57
INFO SwingWorker-pool-1-thread-2 org.cimmyt.cril.ibwb.provider.helpers.HelperFactor - Saving level for ENTRY factor: BreedersPedigree1  with value: -
INFO SwingWorker-pool-1-thread-2 org.cimmyt.cril.ibwb.provider.helpers.HelperFactor - Saving level for ENTRY factor: ENTRY  with value: 58
INFO SwingWorker-pool-1-thread-2 org.cimmyt.cril.ibwb.provider.helpers.HelperFactor - Saving level for ENTRY factor: GID  with value: -58
INFO SwingWorker-pool-1-thread-2 org.cimmyt.cril.ibwb.provider.helpers.HelperFactor - Saving level for ENTRY factor: DESIG  with value: (CML 451 X (RCYA 99-21)-B-B-18-1)-B-1-1-2/(CML 451 X C-02836=P 28 C 9 HC 113-3-1-4-BBBB-B-B)-B-12-2-1
INFO SwingWorker-pool-1-thread-2 org.cimmyt.cril.ibwb.provider.helpers.HelperFactor - Saving level for ENTRY factor: StockID  with value: MaizeF_GermplasmList.xls:58/MaizeM_GermplasmList.xls:58
INFO SwingWorker-pool-1-thread-2 org.cimmyt.cril.ibwb.provider.helpers.HelperFactor - Saving level for ENTRY factor: BreedersPedigree1  with value: -
INFO SwingWorker-pool-1-thread-2 org.cimmyt.cril.ibwb.provider.helpers.HelperFactor - Saving level for ENTRY factor: ENTRY  with value: 59
INFO SwingWorker-pool-1-thread-2 org.cimmyt.cril.ibwb.provider.helpers.HelperFactor - Saving level for ENTRY factor: GID  with value: -59
INFO SwingWorker-pool-1-thread-2 org.cimmyt.cril.ibwb.provider.helpers.HelperFactor - Saving level for ENTRY factor: DESIG  with value: (CML 451 X (RCYA 99-21)-B-B-18-1)-B-1-1-3/(CML 451 X C-02836=P 28 C 9 HC 113-3-1-4-BBBB-B-B)-B-12-2-2
INFO SwingWorker-pool-1-thread-2 org.cimmyt.cril.ibwb.provider.helpers.HelperFactor - Saving level for ENTRY factor: StockID  with value: MaizeF_GermplasmList.xls:59/MaizeM_GermplasmList.xls:59
INFO SwingWorker-pool-1-thread-2 org.cimmyt.cril.ibwb.provider.helpers.HelperFactor - Saving level for ENTRY factor: BreedersPedigree1  with value: -
INFO SwingWorker-pool-1-thread-2 org.cimmyt.cril.ibwb.provider.helpers.HelperFactor - Saving level for ENTRY factor: ENTRY  with value: 60
INFO SwingWorker-pool-1-thread-2 org.cimmyt.cril.ibwb.provider.helpers.HelperFactor - Saving level for ENTRY factor: GID  with value: -60
INFO SwingWorker-pool-1-thread-2 org.cimmyt.cril.ibwb.provider.helpers.HelperFactor - Saving level for ENTRY factor: DESIG  with value: (CML 451 X (RCYA 99-21)-B-B-18-1)-B-1-2-1/(CML 451 X C-02836=P 28 C 9 HC 113-3-1-4-BBBB-B-B)-B-15-1-1
INFO SwingWorker-pool-1-thread-2 org.cimmyt.cril.ibwb.provider.helpers.HelperFactor - Saving level for ENTRY factor: StockID  with value: MaizeF_GermplasmList.xls:60/MaizeM_GermplasmList.xls:60
INFO SwingWorker-pool-1-thread-2 org.cimmyt.cril.ibwb.provider.helpers.HelperFactor - Saving level for ENTRY factor: BreedersPedigree1  with value: -
INFO SwingWorker-pool-1-thread-2 org.cimmyt.cril.ibwb.provider.helpers.HelperFactor - Saving level for ENTRY factor: ENTRY  with value: 61
INFO SwingWorker-pool-1-thread-2 org.cimmyt.cril.ibwb.provider.helpers.HelperFactor - Saving level for ENTRY factor: GID  with value: -61
INFO SwingWorker-pool-1-thread-2 org.cimmyt.cril.ibwb.provider.helpers.HelperFactor - Saving level for ENTRY factor: DESIG  with value: (CML 451 X (RCYA 99-21)-B-B-18-1)-B-1-2-2/(CML 451 X C-02836=P 28 C 9 HC 113-3-1-4-BBBB-B-B)-B-15-1-2
INFO SwingWorker-pool-1-thread-2 org.cimmyt.cril.ibwb.provider.helpers.HelperFactor - Saving level for ENTRY factor: StockID  with value: MaizeF_GermplasmList.xls:61/MaizeM_GermplasmList.xls:61
INFO SwingWorker-pool-1-thread-2 org.cimmyt.cril.ibwb.provider.helpers.HelperFactor - Saving level for ENTRY factor: BreedersPedigree1  with value: -
INFO SwingWorker-pool-1-thread-2 org.cimmyt.cril.ibwb.provider.helpers.HelperFactor - Saving level for ENTRY factor: ENTRY  with value: 62
INFO SwingWorker-pool-1-thread-2 org.cimmyt.cril.ibwb.provider.helpers.HelperFactor - Saving level for ENTRY factor: GID  with value: -62
INFO SwingWorker-pool-1-thread-2 org.cimmyt.cril.ibwb.provider.helpers.HelperFactor - Saving level for ENTRY factor: DESIG  with value: (CML 451 X (RCYA 99-21)-B-B-18-1)-B-5-1-1/(CML 451 X C-02836=P 28 C 9 HC 113-3-1-4-BBBB-B-B)-B-16-2-1
INFO SwingWorker-pool-1-thread-2 org.cimmyt.cril.ibwb.provider.helpers.HelperFactor - Saving level for ENTRY factor: StockID  with value: MaizeF_GermplasmList.xls:62/MaizeM_GermplasmList.xls:62
INFO SwingWorker-pool-1-thread-2 org.cimmyt.cril.ibwb.provider.helpers.HelperFactor - Saving level for ENTRY factor: BreedersPedigree1  with value: -
INFO SwingWorker-pool-1-thread-2 org.cimmyt.cril.ibwb.provider.helpers.HelperFactor - Saving level for ENTRY factor: ENTRY  with value: 63
INFO SwingWorker-pool-1-thread-2 org.cimmyt.cril.ibwb.provider.helpers.HelperFactor - Saving level for ENTRY factor: GID  with value: -63
INFO SwingWorker-pool-1-thread-2 org.cimmyt.cril.ibwb.provider.helpers.HelperFactor - Saving level for ENTRY factor: DESIG  with value: (CML 451 X (RCYA 99-21)-B-B-18-1)-B-5-1-2/(CML 451 X C-02836=P 28 C 9 HC 113-3-1-4-BBBB-B-B)-B-16-2-2
INFO SwingWorker-pool-1-thread-2 org.cimmyt.cril.ibwb.provider.helpers.HelperFactor - Saving level for ENTRY factor: StockID  with value: MaizeF_GermplasmList.xls:63/MaizeM_GermplasmList.xls:63
INFO SwingWorker-pool-1-thread-2 org.cimmyt.cril.ibwb.provider.helpers.HelperFactor - Saving level for ENTRY factor: BreedersPedigree1  with value: -
INFO SwingWorker-pool-1-thread-2 org.cimmyt.cril.ibwb.provider.helpers.HelperFactor - Saving level for ENTRY factor: ENTRY  with value: 64
INFO SwingWorker-pool-1-thread-2 org.cimmyt.cril.ibwb.provider.helpers.HelperFactor - Saving level for ENTRY factor: GID  with value: -64
INFO SwingWorker-pool-1-thread-2 org.cimmyt.cril.ibwb.provider.helpers.HelperFactor - Saving level for ENTRY factor: DESIG  with value: (CML 451 X (RCYA 99-21)-B-B-14-1)-B-6-1-1/(CML 451 X C-02836=P 28 C 9 HC 113-3-1-4-BBBB-B-B)-B-20-2-1
INFO SwingWorker-pool-1-thread-2 org.cimmyt.cril.ibwb.provider.helpers.HelperFactor - Saving level for ENTRY factor: StockID  with value: MaizeF_GermplasmList.xls:64/MaizeM_GermplasmList.xls:64
INFO SwingWorker-pool-1-thread-2 org.cimmyt.cril.ibwb.provider.helpers.HelperFactor - Saving level for ENTRY factor: BreedersPedigree1  with value: -
INFO SwingWorker-pool-1-thread-2 org.cimmyt.cril.ibwb.provider.helpers.HelperFactor - Saving level for ENTRY factor: ENTRY  with value: 65
INFO SwingWorker-pool-1-thread-2 org.cimmyt.cril.ibwb.provider.helpers.HelperFactor - Saving level for ENTRY factor: GID  with value: -65
INFO SwingWorker-pool-1-thread-2 org.cimmyt.cril.ibwb.provider.helpers.HelperFactor - Saving level for ENTRY factor: DESIG  with value: (CML 451 X (RCYA 99-21)-B-B-14-1)-B-6-1-2/(CML 451 X C-02836=P 28 C 9 HC 113-3-1-4-BBBB-B-B)-B-20-2-2
INFO SwingWorker-pool-1-thread-2 org.cimmyt.cril.ibwb.provider.helpers.HelperFactor - Saving level for ENTRY factor: StockID  with value: MaizeF_GermplasmList.xls:65/MaizeM_GermplasmList.xls:65
INFO SwingWorker-pool-1-thread-2 org.cimmyt.cril.ibwb.provider.helpers.HelperFactor - Saving level for ENTRY factor: BreedersPedigree1  with value: -
INFO SwingWorker-pool-1-thread-2 org.cimmyt.cril.ibwb.provider.helpers.HelperFactor - Saving level for ENTRY factor: ENTRY  with value: 66
INFO SwingWorker-pool-1-thread-2 org.cimmyt.cril.ibwb.provider.helpers.HelperFactor - Saving level for ENTRY factor: GID  with value: -66
INFO SwingWorker-pool-1-thread-2 org.cimmyt.cril.ibwb.provider.helpers.HelperFactor - Saving level for ENTRY factor: DESIG  with value: (CML 451 X (RCYA 99-21)-B-B-14-1)-B-6-1-3/(CML 451 X C-02836=P 28 C 9 HC 113-3-1-4-BBBB-B-B)-B-21-1-1
INFO SwingWorker-pool-1-thread-2 org.cimmyt.cril.ibwb.provider.helpers.HelperFactor - Saving level for ENTRY factor: StockID  with value: MaizeF_GermplasmList.xls:66/MaizeM_GermplasmList.xls:66
INFO SwingWorker-pool-1-thread-2 org.cimmyt.cril.ibwb.provider.helpers.HelperFactor - Saving level for ENTRY factor: BreedersPedigree1  with value: -
INFO SwingWorker-pool-1-thread-2 org.cimmyt.cril.ibwb.provider.helpers.HelperFactor - Saving level for ENTRY factor: ENTRY  with value: 67
INFO SwingWorker-pool-1-thread-2 org.cimmyt.cril.ibwb.provider.helpers.HelperFactor - Saving level for ENTRY factor: GID  with value: -67
INFO SwingWorker-pool-1-thread-2 org.cimmyt.cril.ibwb.provider.helpers.HelperFactor - Saving level for ENTRY factor: DESIG  with value: (CML 451 X (RCYA 99-21)-B-B-14-1)-B-8-1-1/(CML 451 X C-02836=P 28 C 9 HC 113-3-1-4-BBBB-B-B)-B-21-1-2
INFO SwingWorker-pool-1-thread-2 org.cimmyt.cril.ibwb.provider.helpers.HelperFactor - Saving level for ENTRY factor: StockID  with value: MaizeF_GermplasmList.xls:67/MaizeM_GermplasmList.xls:67
INFO SwingWorker-pool-1-thread-2 org.cimmyt.cril.ibwb.provider.helpers.HelperFactor - Saving level for ENTRY factor: BreedersPedigree1  with value: -
INFO SwingWorker-pool-1-thread-2 org.cimmyt.cril.ibwb.provider.helpers.HelperFactor - Saving level for ENTRY factor: ENTRY  with value: 68
INFO SwingWorker-pool-1-thread-2 org.cimmyt.cril.ibwb.provider.helpers.HelperFactor - Saving level for ENTRY factor: GID  with value: -68
INFO SwingWorker-pool-1-thread-2 org.cimmyt.cril.ibwb.provider.helpers.HelperFactor - Saving level for ENTRY factor: DESIG  with value: (CML 451 X (RCYA 99-21)-B-B-14-1)-B-8-1-2/(CML 454 X CL RCY 16= (CL-00331*CML-287)-B-6-2-3-BBB)-B-3-1-1
INFO SwingWorker-pool-1-thread-2 org.cimmyt.cril.ibwb.provider.helpers.HelperFactor - Saving level for ENTRY factor: StockID  with value: MaizeF_GermplasmList.xls:68/MaizeM_GermplasmList.xls:68
INFO SwingWorker-pool-1-thread-2 org.cimmyt.cril.ibwb.provider.helpers.HelperFactor - Saving level for ENTRY factor: BreedersPedigree1  with value: -
INFO SwingWorker-pool-1-thread-2 org.cimmyt.cril.ibwb.provider.helpers.HelperFactor - Saving level for ENTRY factor: ENTRY  with value: 69
INFO SwingWorker-pool-1-thread-2 org.cimmyt.cril.ibwb.provider.helpers.HelperFactor - Saving level for ENTRY factor: GID  with value: -69
INFO SwingWorker-pool-1-thread-2 org.cimmyt.cril.ibwb.provider.helpers.HelperFactor - Saving level for ENTRY factor: DESIG  with value: (CML 451 X (RCYA 99-21)-B-B-14-1)-B-8-2-1/(CML 454 X CL RCY 16= (CL-00331*CML-287)-B-6-2-3-BBB)-B-3-1-2
INFO SwingWorker-pool-1-thread-2 org.cimmyt.cril.ibwb.provider.helpers.HelperFactor - Saving level for ENTRY factor: StockID  with value: MaizeF_GermplasmList.xls:69/MaizeM_GermplasmList.xls:69
INFO SwingWorker-pool-1-thread-2 org.cimmyt.cril.ibwb.provider.helpers.HelperFactor - Saving level for ENTRY factor: BreedersPedigree1  with value: -
INFO SwingWorker-pool-1-thread-2 org.cimmyt.cril.ibwb.provider.helpers.HelperFactor - Saving level for ENTRY factor: ENTRY  with value: 70
INFO SwingWorker-pool-1-thread-2 org.cimmyt.cril.ibwb.provider.helpers.HelperFactor - Saving level for ENTRY factor: GID  with value: -70
INFO SwingWorker-pool-1-thread-2 org.cimmyt.cril.ibwb.provider.helpers.HelperFactor - Saving level for ENTRY factor: DESIG  with value: (CML 451 X (RCYA 99-21)-B-B-14-1)-B-8-2-2/(CML 454 X CL RCY 16= (CL-00331*CML-287)-B-6-2-3-BBB)-B-4-2-1
INFO SwingWorker-pool-1-thread-2 org.cimmyt.cril.ibwb.provider.helpers.HelperFactor - Saving level for ENTRY factor: StockID  with value: MaizeF_GermplasmList.xls:70/MaizeM_GermplasmList.xls:70
INFO SwingWorker-pool-1-thread-2 org.cimmyt.cril.ibwb.provider.helpers.HelperFactor - Saving level for ENTRY factor: BreedersPedigree1  with value: -
INFO SwingWorker-pool-1-thread-2 org.cimmyt.cril.ibwb.provider.helpers.HelperFactor - Saving level for ENTRY factor: ENTRY  with value: 71
INFO SwingWorker-pool-1-thread-2 org.cimmyt.cril.ibwb.provider.helpers.HelperFactor - Saving level for ENTRY factor: GID  with value: -71
INFO SwingWorker-pool-1-thread-2 org.cimmyt.cril.ibwb.provider.helpers.HelperFactor - Saving level for ENTRY factor: DESIG  with value: (CML 451 X (RCYA 99-21)-B-B-14-1)-B-11-1-1/(CML 454 X CL RCY 16= (CL-00331*CML-287)-B-6-2-3-BBB)-B-7-1-1
INFO SwingWorker-pool-1-thread-2 org.cimmyt.cril.ibwb.provider.helpers.HelperFactor - Saving level for ENTRY factor: StockID  with value: MaizeF_GermplasmList.xls:71/MaizeM_GermplasmList.xls:71
INFO SwingWorker-pool-1-thread-2 org.cimmyt.cril.ibwb.provider.helpers.HelperFactor - Saving level for ENTRY factor: BreedersPedigree1  with value: -
INFO SwingWorker-pool-1-thread-2 org.cimmyt.cril.ibwb.provider.helpers.HelperFactor - Saving level for ENTRY factor: ENTRY  with value: 72
INFO SwingWorker-pool-1-thread-2 org.cimmyt.cril.ibwb.provider.helpers.HelperFactor - Saving level for ENTRY factor: GID  with value: -72
INFO SwingWorker-pool-1-thread-2 org.cimmyt.cril.ibwb.provider.helpers.HelperFactor - Saving level for ENTRY factor: DESIG  with value: (CML 451 X (RCYA 99-21)-B-B-14-1)-B-11-1-2/(CML 454 X CL RCY 16= (CL-00331*CML-287)-B-6-2-3-BBB)-B-9-3-1
INFO SwingWorker-pool-1-thread-2 org.cimmyt.cril.ibwb.provider.helpers.HelperFactor - Saving level for ENTRY factor: StockID  with value: MaizeF_GermplasmList.xls:72/MaizeM_GermplasmList.xls:72
INFO SwingWorker-pool-1-thread-2 org.cimmyt.cril.ibwb.provider.helpers.HelperFactor - Saving level for ENTRY factor: BreedersPedigree1  with value: -
INFO SwingWorker-pool-1-thread-2 org.cimmyt.cril.ibwb.provider.helpers.HelperFactor - Saving level for ENTRY factor: ENTRY  with value: 73
INFO SwingWorker-pool-1-thread-2 org.cimmyt.cril.ibwb.provider.helpers.HelperFactor - Saving level for ENTRY factor: GID  with value: -73
INFO SwingWorker-pool-1-thread-2 org.cimmyt.cril.ibwb.provider.helpers.HelperFactor - Saving level for ENTRY factor: DESIG  with value: (CML 451 X (RCYA 99-21)-B-B-14-1)-B-11-1-3/(CML 454 X CL RCY 16= (CL-00331*CML-287)-B-6-2-3-BBB)-B-9-3-2
INFO SwingWorker-pool-1-thread-2 org.cimmyt.cril.ibwb.provider.helpers.HelperFactor - Saving level for ENTRY factor: StockID  with value: MaizeF_GermplasmList.xls:73/MaizeM_GermplasmList.xls:73
INFO SwingWorker-pool-1-thread-2 org.cimmyt.cril.ibwb.provider.helpers.HelperFactor - Saving level for ENTRY factor: BreedersPedigree1  with value: -
INFO SwingWorker-pool-1-thread-2 org.cimmyt.cril.ibwb.provider.helpers.HelperFactor - Saving level for ENTRY factor: ENTRY  with value: 74
INFO SwingWorker-pool-1-thread-2 org.cimmyt.cril.ibwb.provider.helpers.HelperFactor - Saving level for ENTRY factor: GID  with value: -74
INFO SwingWorker-pool-1-thread-2 org.cimmyt.cril.ibwb.provider.helpers.HelperFactor - Saving level for ENTRY factor: DESIG  with value: (CML 451 X (RCYA 99-21)-B-B-14-1)-B-11-2-1/(CML 454 X CL RCY 16= (CL-00331*CML-287)-B-6-2-3-BBB)-B-9-4-1
INFO SwingWorker-pool-1-thread-2 org.cimmyt.cril.ibwb.provider.helpers.HelperFactor - Saving level for ENTRY factor: StockID  with value: MaizeF_GermplasmList.xls:74/MaizeM_GermplasmList.xls:74
INFO SwingWorker-pool-1-thread-2 org.cimmyt.cril.ibwb.provider.helpers.HelperFactor - Saving level for ENTRY factor: BreedersPedigree1  with value: -
INFO SwingWorker-pool-1-thread-2 org.cimmyt.cril.ibwb.provider.helpers.HelperFactor - Saving level for ENTRY factor: ENTRY  with value: 75
INFO SwingWorker-pool-1-thread-2 org.cimmyt.cril.ibwb.provider.helpers.HelperFactor - Saving level for ENTRY factor: GID  with value: -75
INFO SwingWorker-pool-1-thread-2 org.cimmyt.cril.ibwb.provider.helpers.HelperFactor - Saving level for ENTRY factor: DESIG  with value: (CML 451 X (RCYA 99-21)-B-B-14-1)-B-11-2-2/(CML 454 X CL RCY 16= (CL-00331*CML-287)-B-6-2-3-BBB)-B-10-2-1
INFO SwingWorker-pool-1-thread-2 org.cimmyt.cril.ibwb.provider.helpers.HelperFactor - Saving level for ENTRY factor: StockID  with value: MaizeF_GermplasmList.xls:75/MaizeM_GermplasmList.xls:75
INFO SwingWorker-pool-1-thread-2 org.cimmyt.cril.ibwb.provider.helpers.HelperFactor - Saving level for ENTRY factor: BreedersPedigree1  with value: -
INFO SwingWorker-pool-1-thread-2 org.cimmyt.cril.ibwb.provider.helpers.HelperFactor - Saving level for ENTRY factor: ENTRY  with value: 76
INFO SwingWorker-pool-1-thread-2 org.cimmyt.cril.ibwb.provider.helpers.HelperFactor - Saving level for ENTRY factor: GID  with value: -76
INFO SwingWorker-pool-1-thread-2 org.cimmyt.cril.ibwb.provider.helpers.HelperFactor - Saving level for ENTRY factor: DESIG  with value: (CML 451 X (RCYA 99-21)-B-B-14-1)-B-28-1-1/(CML 454 X CL RCY 16= (CL-00331*CML-287)-B-6-2-3-BBB)-B-10-2-2
INFO SwingWorker-pool-1-thread-2 org.cimmyt.cril.ibwb.provider.helpers.HelperFactor - Saving level for ENTRY factor: StockID  with value: MaizeF_GermplasmList.xls:76/MaizeM_GermplasmList.xls:76
INFO SwingWorker-pool-1-thread-2 org.cimmyt.cril.ibwb.provider.helpers.HelperFactor - Saving level for ENTRY factor: BreedersPedigree1  with value: -
INFO SwingWorker-pool-1-thread-2 org.cimmyt.cril.ibwb.provider.helpers.HelperFactor - Saving level for ENTRY factor: ENTRY  with value: 77
INFO SwingWorker-pool-1-thread-2 org.cimmyt.cril.ibwb.provider.helpers.HelperFactor - Saving level for ENTRY factor: GID  with value: -77
INFO SwingWorker-pool-1-thread-2 org.cimmyt.cril.ibwb.provider.helpers.HelperFactor - Saving level for ENTRY factor: DESIG  with value: (CML 451 X (RCYA 99-21)-B-B-14-1)-B-28-1-2/(CML 454 X CL RCY 16= (CL-00331*CML-287)-B-6-2-3-BBB)-B-11-1-1
INFO SwingWorker-pool-1-thread-2 org.cimmyt.cril.ibwb.provider.helpers.HelperFactor - Saving level for ENTRY factor: StockID  with value: MaizeF_GermplasmList.xls:77/MaizeM_GermplasmList.xls:77
INFO SwingWorker-pool-1-thread-2 org.cimmyt.cril.ibwb.provider.helpers.HelperFactor - Saving level for ENTRY factor: BreedersPedigree1  with value: -
INFO SwingWorker-pool-1-thread-2 org.cimmyt.cril.ibwb.provider.helpers.HelperFactor - Saving level for ENTRY factor: ENTRY  with value: 78
INFO SwingWorker-pool-1-thread-2 org.cimmyt.cril.ibwb.provider.helpers.HelperFactor - Saving level for ENTRY factor: GID  with value: -78
INFO SwingWorker-pool-1-thread-2 org.cimmyt.cril.ibwb.provider.helpers.HelperFactor - Saving level for ENTRY factor: DESIG  with value: (CML 451 X (RCYA 99-21)-B-B-14-1)-B-28-2-1/(CML 454 X CL RCY 16= (CL-00331*CML-287)-B-6-2-3-BBB)-B-11-1-2
INFO SwingWorker-pool-1-thread-2 org.cimmyt.cril.ibwb.provider.helpers.HelperFactor - Saving level for ENTRY factor: StockID  with value: MaizeF_GermplasmList.xls:78/MaizeM_GermplasmList.xls:78
INFO SwingWorker-pool-1-thread-2 org.cimmyt.cril.ibwb.provider.helpers.HelperFactor - Saving level for ENTRY factor: BreedersPedigree1  with value: -
INFO SwingWorker-pool-1-thread-2 org.cimmyt.cril.ibwb.provider.helpers.HelperFactor - Saving level for ENTRY factor: ENTRY  with value: 79
INFO SwingWorker-pool-1-thread-2 org.cimmyt.cril.ibwb.provider.helpers.HelperFactor - Saving level for ENTRY factor: GID  with value: -79
INFO SwingWorker-pool-1-thread-2 org.cimmyt.cril.ibwb.provider.helpers.HelperFactor - Saving level for ENTRY factor: DESIG  with value: (CML 451 X (RCYA 99-21)-B-B-14-1)-B-28-2-2/(CML 454 X CL RCY 16= (CL-00331*CML-287)-B-6-2-3-BBB)-B-11-2-1
INFO SwingWorker-pool-1-thread-2 org.cimmyt.cril.ibwb.provider.helpers.HelperFactor - Saving level for ENTRY factor: StockID  with value: MaizeF_GermplasmList.xls:79/MaizeM_GermplasmList.xls:79
INFO SwingWorker-pool-1-thread-2 org.cimmyt.cril.ibwb.provider.helpers.HelperFactor - Saving level for ENTRY factor: BreedersPedigree1  with value: -
INFO SwingWorker-pool-1-thread-2 org.cimmyt.cril.ibwb.provider.helpers.HelperFactor - Saving level for ENTRY factor: ENTRY  with value: 80
INFO SwingWorker-pool-1-thread-2 org.cimmyt.cril.ibwb.provider.helpers.HelperFactor - Saving level for ENTRY factor: GID  with value: -80
INFO SwingWorker-pool-1-thread-2 org.cimmyt.cril.ibwb.provider.helpers.HelperFactor - Saving level for ENTRY factor: DESIG  with value: (CML 451 X (RCYA 99-21)-B-B-14-1)-B-42-2-1/(CML 454 X CL RCY 16= (CL-00331*CML-287)-B-6-2-3-BBB)-B-11-2-2
INFO SwingWorker-pool-1-thread-2 org.cimmyt.cril.ibwb.provider.helpers.HelperFactor - Saving level for ENTRY factor: StockID  with value: MaizeF_GermplasmList.xls:80/MaizeM_GermplasmList.xls:80
INFO SwingWorker-pool-1-thread-2 org.cimmyt.cril.ibwb.provider.helpers.HelperFactor - Saving level for ENTRY factor: BreedersPedigree1  with value: -
INFO SwingWorker-pool-1-thread-2 org.cimmyt.cril.ibwb.provider.helpers.HelperFactor - Saving level for ENTRY factor: ENTRY  with value: 81
INFO SwingWorker-pool-1-thread-2 org.cimmyt.cril.ibwb.provider.helpers.HelperFactor - Saving level for ENTRY factor: GID  with value: -81
INFO SwingWorker-pool-1-thread-2 org.cimmyt.cril.ibwb.provider.helpers.HelperFactor - Saving level for ENTRY factor: DESIG  with value: (CML 451 X (RCYA 99-21)-B-B-14-1)-B-43-1-1/(CML 454 X CL RCY 16= (CL-00331*CML-287)-B-6-2-3-BBB)-B-14-2-1
INFO SwingWorker-pool-1-thread-2 org.cimmyt.cril.ibwb.provider.helpers.HelperFactor - Saving level for ENTRY factor: StockID  with value: MaizeF_GermplasmList.xls:81/MaizeM_GermplasmList.xls:81
INFO SwingWorker-pool-1-thread-2 org.cimmyt.cril.ibwb.provider.helpers.HelperFactor - Saving level for ENTRY factor: BreedersPedigree1  with value: -
INFO SwingWorker-pool-1-thread-2 org.cimmyt.cril.ibwb.provider.helpers.HelperFactor - Saving level for ENTRY factor: ENTRY  with value: 82
INFO SwingWorker-pool-1-thread-2 org.cimmyt.cril.ibwb.provider.helpers.HelperFactor - Saving level for ENTRY factor: GID  with value: -82
INFO SwingWorker-pool-1-thread-2 org.cimmyt.cril.ibwb.provider.helpers.HelperFactor - Saving level for ENTRY factor: DESIG  with value: (CML 451 X (RCYA 99-21)-B-B-14-1)-B-43-1-2/(CML 454 X CL RCY 16= (CL-00331*CML-287)-B-6-2-3-BBB)-B-14-2-2
INFO SwingWorker-pool-1-thread-2 org.cimmyt.cril.ibwb.provider.helpers.HelperFactor - Saving level for ENTRY factor: StockID  with value: MaizeF_GermplasmList.xls:82/MaizeM_GermplasmList.xls:82
INFO SwingWorker-pool-1-thread-2 org.cimmyt.cril.ibwb.provider.helpers.HelperFactor - Saving level for ENTRY factor: BreedersPedigree1  with value: -
INFO SwingWorker-pool-1-thread-2 org.cimmyt.cril.ibwb.provider.helpers.HelperFactor - Saving level for ENTRY factor: ENTRY  with value: 83
INFO SwingWorker-pool-1-thread-2 org.cimmyt.cril.ibwb.provider.helpers.HelperFactor - Saving level for ENTRY factor: GID  with value: -83
INFO SwingWorker-pool-1-thread-2 org.cimmyt.cril.ibwb.provider.helpers.HelperFactor - Saving level for ENTRY factor: DESIG  with value: (CML 451 X (RCYA 99-21)-B-B-14-1)-B-43-2-1/(CML 451 X IBP 4 C 3 TLYF-88-2-3-2-1-B)-B-12-1-1
INFO SwingWorker-pool-1-thread-2 org.cimmyt.cril.ibwb.provider.helpers.HelperFactor - Saving level for ENTRY factor: StockID  with value: MaizeF_GermplasmList.xls:83/MaizeM_GermplasmList.xls:83
INFO SwingWorker-pool-1-thread-2 org.cimmyt.cril.ibwb.provider.helpers.HelperFactor - Saving level for ENTRY factor: BreedersPedigree1  with value: -
INFO SwingWorker-pool-1-thread-2 org.cimmyt.cril.ibwb.provider.helpers.HelperFactor - Saving level for ENTRY factor: ENTRY  with value: 84
INFO SwingWorker-pool-1-thread-2 org.cimmyt.cril.ibwb.provider.helpers.HelperFactor - Saving level for ENTRY factor: GID  with value: -84
INFO SwingWorker-pool-1-thread-2 org.cimmyt.cril.ibwb.provider.helpers.HelperFactor - Saving level for ENTRY factor: DESIG  with value: (CML 451 X (RCYA 99-21)-B-B-14-1)-B-43-2-2/(CML 451 X IBP 4 C 3 TLYF-88-2-3-2-1-B)-B-12-1-2
INFO SwingWorker-pool-1-thread-2 org.cimmyt.cril.ibwb.provider.helpers.HelperFactor - Saving level for ENTRY factor: StockID  with value: MaizeF_GermplasmList.xls:84/MaizeM_GermplasmList.xls:84
INFO SwingWorker-pool-1-thread-2 org.cimmyt.cril.ibwb.provider.helpers.HelperFactor - Saving level for ENTRY factor: BreedersPedigree1  with value: -
INFO SwingWorker-pool-1-thread-2 org.cimmyt.cril.ibwb.provider.helpers.HelperFactor - Saving level for ENTRY factor: ENTRY  with value: 85
INFO SwingWorker-pool-1-thread-2 org.cimmyt.cril.ibwb.provider.helpers.HelperFactor - Saving level for ENTRY factor: GID  with value: -85
INFO SwingWorker-pool-1-thread-2 org.cimmyt.cril.ibwb.provider.helpers.HelperFactor - Saving level for ENTRY factor: DESIG  with value: (CML 451 X (RCYA 99-21)-B-B-14-1)-B-45-1-1/(CML 451 X IBP 4 C 3 TLYF-88-2-3-2-1-B)-B-19-1-1
INFO SwingWorker-pool-1-thread-2 org.cimmyt.cril.ibwb.provider.helpers.HelperFactor - Saving level for ENTRY factor: StockID  with value: MaizeF_GermplasmList.xls:85/MaizeM_GermplasmList.xls:85
INFO SwingWorker-pool-1-thread-2 org.cimmyt.cril.ibwb.provider.helpers.HelperFactor - Saving level for ENTRY factor: BreedersPedigree1  with value: -
INFO SwingWorker-pool-1-thread-2 org.cimmyt.cril.ibwb.provider.helpers.HelperFactor - Saving level for ENTRY factor: ENTRY  with value: 86
INFO SwingWorker-pool-1-thread-2 org.cimmyt.cril.ibwb.provider.helpers.HelperFactor - Saving level for ENTRY factor: GID  with value: -86
INFO SwingWorker-pool-1-thread-2 org.cimmyt.cril.ibwb.provider.helpers.HelperFactor - Saving level for ENTRY factor: DESIG  with value: (CML 451 X (RCYA 99-21)-B-B-14-1)-B-45-1-2/(CML 451 X IBP 4 C 3 TLYF-88-2-3-2-1-B)-B-29-1-1
INFO SwingWorker-pool-1-thread-2 org.cimmyt.cril.ibwb.provider.helpers.HelperFactor - Saving level for ENTRY factor: StockID  with value: MaizeF_GermplasmList.xls:86/MaizeM_GermplasmList.xls:86
INFO SwingWorker-pool-1-thread-2 org.cimmyt.cril.ibwb.provider.helpers.HelperFactor - Saving level for ENTRY factor: BreedersPedigree1  with value: -
INFO SwingWorker-pool-1-thread-2 org.cimmyt.cril.ibwb.provider.helpers.HelperFactor - Saving level for ENTRY factor: ENTRY  with value: 87
INFO SwingWorker-pool-1-thread-2 org.cimmyt.cril.ibwb.provider.helpers.HelperFactor - Saving level for ENTRY factor: GID  with value: -87
INFO SwingWorker-pool-1-thread-2 org.cimmyt.cril.ibwb.provider.helpers.HelperFactor - Saving level for ENTRY factor: DESIG  with value: (CML 451 X (RCYA 99-20)-B-B-47-3-B)-B-34-1-1/(CML 451 X IBP 4 C 3 TLYF-88-2-3-2-1-B)-B-29-1-2
INFO SwingWorker-pool-1-thread-2 org.cimmyt.cril.ibwb.provider.helpers.HelperFactor - Saving level for ENTRY factor: StockID  with value: MaizeF_GermplasmList.xls:87/MaizeM_GermplasmList.xls:87
INFO SwingWorker-pool-1-thread-2 org.cimmyt.cril.ibwb.provider.helpers.HelperFactor - Saving level for ENTRY factor: BreedersPedigree1  with value: -
INFO SwingWorker-pool-1-thread-2 org.cimmyt.cril.ibwb.provider.helpers.HelperFactor - Saving level for ENTRY factor: ENTRY  with value: 88
INFO SwingWorker-pool-1-thread-2 org.cimmyt.cril.ibwb.provider.helpers.HelperFactor - Saving level for ENTRY factor: GID  with value: -88
INFO SwingWorker-pool-1-thread-2 org.cimmyt.cril.ibwb.provider.helpers.HelperFactor - Saving level for ENTRY factor: DESIG  with value: (CML 451 X (RCYA 99-17)-B-B-14-1)-B-16-2-1/(CML 451 X IBP 4 C 3 TLYF-88-2-3-2-1-B)-B-29-2-1
INFO SwingWorker-pool-1-thread-2 org.cimmyt.cril.ibwb.provider.helpers.HelperFactor - Saving level for ENTRY factor: StockID  with value: MaizeF_GermplasmList.xls:88/MaizeM_GermplasmList.xls:88
INFO SwingWorker-pool-1-thread-2 org.cimmyt.cril.ibwb.provider.helpers.HelperFactor - Saving level for ENTRY factor: BreedersPedigree1  with value: -
INFO SwingWorker-pool-1-thread-2 org.cimmyt.cril.ibwb.provider.helpers.HelperFactor - Saving level for ENTRY factor: ENTRY  with value: 89
INFO SwingWorker-pool-1-thread-2 org.cimmyt.cril.ibwb.provider.helpers.HelperFactor - Saving level for ENTRY factor: GID  with value: -89
INFO SwingWorker-pool-1-thread-2 org.cimmyt.cril.ibwb.provider.helpers.HelperFactor - Saving level for ENTRY factor: DESIG  with value: (CML 451 X (RCYA 99-17)-B-B-14-1)-B-16-2-2/(CML 451 X IBP 4 C 3 TLYF-88-2-3-2-1-B)-B-29-3-1
INFO SwingWorker-pool-1-thread-2 org.cimmyt.cril.ibwb.provider.helpers.HelperFactor - Saving level for ENTRY factor: StockID  with value: MaizeF_GermplasmList.xls:89/MaizeM_GermplasmList.xls:89
INFO SwingWorker-pool-1-thread-2 org.cimmyt.cril.ibwb.provider.helpers.HelperFactor - Saving level for ENTRY factor: BreedersPedigree1  with value: -
INFO SwingWorker-pool-1-thread-2 org.cimmyt.cril.ibwb.provider.helpers.HelperFactor - Saving level for ENTRY factor: ENTRY  with value: 90
INFO SwingWorker-pool-1-thread-2 org.cimmyt.cril.ibwb.provider.helpers.HelperFactor - Saving level for ENTRY factor: GID  with value: -90
INFO SwingWorker-pool-1-thread-2 org.cimmyt.cril.ibwb.provider.helpers.HelperFactor - Saving level for ENTRY factor: DESIG  with value: (CML 451 X (RCYA 99-17)-B-B-14-1)-B-22-1-1/(CML 451 X IBP 4 C 3 TLYF-88-2-3-2-1-B)-B-29-3-2
INFO SwingWorker-pool-1-thread-2 org.cimmyt.cril.ibwb.provider.helpers.HelperFactor - Saving level for ENTRY factor: StockID  with value: MaizeF_GermplasmList.xls:90/MaizeM_GermplasmList.xls:90
INFO SwingWorker-pool-1-thread-2 org.cimmyt.cril.ibwb.provider.helpers.HelperFactor - Saving level for ENTRY factor: BreedersPedigree1  with value: -
INFO SwingWorker-pool-1-thread-2 org.cimmyt.cril.ibwb.provider.helpers.HelperFactor - Saving level for ENTRY factor: ENTRY  with value: 91
INFO SwingWorker-pool-1-thread-2 org.cimmyt.cril.ibwb.provider.helpers.HelperFactor - Saving level for ENTRY factor: GID  with value: -91
INFO SwingWorker-pool-1-thread-2 org.cimmyt.cril.ibwb.provider.helpers.HelperFactor - Saving level for ENTRY factor: DESIG  with value: (CML 451 X (RCYA 99-17)-B-B-14-1)-B-22-1-2/(CML 451 X IBP 4 C 3 TLYF-88-2-3-2-1-B)-B-29-3-3
INFO SwingWorker-pool-1-thread-2 org.cimmyt.cril.ibwb.provider.helpers.HelperFactor - Saving level for ENTRY factor: StockID  with value: MaizeF_GermplasmList.xls:91/MaizeM_GermplasmList.xls:91
INFO SwingWorker-pool-1-thread-2 org.cimmyt.cril.ibwb.provider.helpers.HelperFactor - Saving level for ENTRY factor: BreedersPedigree1  with value: -
INFO SwingWorker-pool-1-thread-2 org.cimmyt.cril.ibwb.provider.helpers.HelperFactor - Saving level for ENTRY factor: ENTRY  with value: 92
INFO SwingWorker-pool-1-thread-2 org.cimmyt.cril.ibwb.provider.helpers.HelperFactor - Saving level for ENTRY factor: GID  with value: -92
INFO SwingWorker-pool-1-thread-2 org.cimmyt.cril.ibwb.provider.helpers.HelperFactor - Saving level for ENTRY factor: DESIG  with value: (CML 451 X (RCYA 99-17)-B-B-14-1)-B-22-2-1/(CML 451 X IBP 4 C 3 TLYF-88-2-3-2-1-B)-B-34-1-1
INFO SwingWorker-pool-1-thread-2 org.cimmyt.cril.ibwb.provider.helpers.HelperFactor - Saving level for ENTRY factor: StockID  with value: MaizeF_GermplasmList.xls:92/MaizeM_GermplasmList.xls:92
INFO SwingWorker-pool-1-thread-2 org.cimmyt.cril.ibwb.provider.helpers.HelperFactor - Saving level for ENTRY factor: BreedersPedigree1  with value: -
INFO SwingWorker-pool-1-thread-2 org.cimmyt.cril.ibwb.provider.helpers.HelperFactor - Saving level for ENTRY factor: ENTRY  with value: 93
INFO SwingWorker-pool-1-thread-2 org.cimmyt.cril.ibwb.provider.helpers.HelperFactor - Saving level for ENTRY factor: GID  with value: -93
INFO SwingWorker-pool-1-thread-2 org.cimmyt.cril.ibwb.provider.helpers.HelperFactor - Saving level for ENTRY factor: DESIG  with value: (CML 451 X (RCYA 99-17)-B-B-14-1)-B-22-2-2/(CML 451 X IBP 4 C 3 TLYF-88-2-3-2-1-B)-B-34-3-1
INFO SwingWorker-pool-1-thread-2 org.cimmyt.cril.ibwb.provider.helpers.HelperFactor - Saving level for ENTRY factor: StockID  with value: MaizeF_GermplasmList.xls:93/MaizeM_GermplasmList.xls:93
INFO SwingWorker-pool-1-thread-2 org.cimmyt.cril.ibwb.provider.helpers.HelperFactor - Saving level for ENTRY factor: BreedersPedigree1  with value: -
INFO SwingWorker-pool-1-thread-2 org.cimmyt.cril.ibwb.provider.helpers.HelperWorkbook - Saving levels for entrys DONE!
INFO SwingWorker-pool-1-thread-2 org.cimmyt.cril.ibwb.provider.helpers.HelperWorkbook - Saving levels for plots....
INFO SwingWorker-pool-1-thread-2 org.cimmyt.cril.ibwb.provider.helpers.HelperWorkbook - Saving levels for plots DONE!
INFO SwingWorker-pool-1-thread-2 org.cimmyt.cril.ibwb.provider.IBWBAppServicesImpl - Savin workbook DONE!
ERROR AWT-EventQueue-1 org.cimmyt.cril.ibwb.provider.helpers.HelperTransformations - La formula encontrada dentro del TmsMeasuredin es incompatible.
ERROR AWT-EventQueue-1 org.cimmyt.cril.ibwb.provider.helpers.HelperTransformations - La formula encontrada dentro del TmsMeasuredin es incompatible.
ERROR AWT-EventQueue-1 org.cimmyt.cril.ibwb.provider.helpers.HelperTransformations - La formula encontrada dentro del TmsMeasuredin es incompatible.
ERROR AWT-EventQueue-1 org.cimmyt.cril.ibwb.provider.helpers.HelperTransformations - La formula encontrada dentro del TmsMeasuredin es incompatible.
ERROR AWT-EventQueue-1 org.cimmyt.cril.ibwb.provider.helpers.HelperTransformations - La formula encontrada dentro del TmsMeasuredin es incompatible.
ERROR AWT-EventQueue-1 org.cimmyt.cril.ibwb.provider.helpers.HelperTransformations - La formula encontrada dentro del TmsMeasuredin es incompatible.
ERROR AWT-EventQueue-1 org.cimmyt.cril.ibwb.provider.helpers.HelperTransformations - La formula encontrada dentro del TmsMeasuredin es incompatible.
ERROR AWT-EventQueue-1 org.cimmyt.cril.ibwb.provider.helpers.HelperTransformations - La formula encontrada dentro del TmsMeasuredin es incompatible.
ERROR AWT-EventQueue-1 org.cimmyt.cril.ibwb.provider.helpers.HelperTransformations - La formula encontrada dentro del TmsMeasuredin es incompatible.
ERROR AWT-EventQueue-1 org.cimmyt.cril.ibwb.provider.helpers.HelperTransformations - La formula encontrada dentro del TmsMeasuredin es incompatible.
ERROR AWT-EventQueue-1 org.cimmyt.cril.ibwb.provider.helpers.HelperTransformations - La formula encontrada dentro del TmsMeasuredin es incompatible.
ERROR AWT-EventQueue-1 org.cimmyt.cril.ibwb.provider.helpers.HelperTransformations - La formula encontrada dentro del TmsMeasuredin es incompatible.
ERROR AWT-EventQueue-1 org.cimmyt.cril.ibwb.provider.helpers.HelperTransformations - La formula encontrada dentro del TmsMeasuredin es incompatible.
ERROR AWT-EventQueue-1 org.cimmyt.cril.ibwb.provider.helpers.HelperTransformations - La formula encontrada dentro del TmsMeasuredin es incompatible.
ERROR AWT-EventQueue-1 org.cimmyt.cril.ibwb.provider.helpers.HelperTransformations - La formula encontrada dentro del TmsMeasuredin es incompatible.
ERROR AWT-EventQueue-1 org.cimmyt.cril.ibwb.provider.helpers.HelperTransformations - La formula encontrada dentro del TmsMeasuredin es incompatible.
ERROR AWT-EventQueue-1 org.cimmyt.cril.ibwb.provider.helpers.HelperTransformations - La formula encontrada dentro del TmsMeasuredin es incompatible.
ERROR AWT-EventQueue-1 org.cimmyt.cril.ibwb.provider.helpers.HelperTransformations - La formula encontrada dentro del TmsMeasuredin es incompatible.
ERROR AWT-EventQueue-1 org.cimmyt.cril.ibwb.provider.helpers.HelperTransformations - La formula encontrada dentro del TmsMeasuredin es incompatible.
ERROR AWT-EventQueue-1 org.cimmyt.cril.ibwb.provider.helpers.HelperTransformations - La formula encontrada dentro del TmsMeasuredin es incompatible.
ERROR AWT-EventQueue-1 org.cimmyt.cril.ibwb.provider.helpers.HelperTransformations - La formula encontrada dentro del TmsMeasuredin es incompatible.
ERROR AWT-EventQueue-1 org.cimmyt.cril.ibwb.provider.helpers.HelperTransformations - La formula encontrada dentro del TmsMeasuredin es incompatible.
ERROR AWT-EventQueue-1 org.cimmyt.cril.ibwb.provider.helpers.HelperTransformations - La formula encontrada dentro del TmsMeasuredin es incompatible.
ERROR AWT-EventQueue-1 org.cimmyt.cril.ibwb.provider.helpers.HelperTransformations - La formula encontrada dentro del TmsMeasuredin es incompatible.
ERROR AWT-EventQueue-1 org.cimmyt.cril.ibwb.provider.helpers.HelperTransformations - La formula encontrada dentro del TmsMeasuredin es incompatible.
ERROR AWT-EventQueue-1 org.cimmyt.cril.ibwb.provider.helpers.HelperTransformations - La formula encontrada dentro del TmsMeasuredin es incompatible.
ERROR AWT-EventQueue-1 org.cimmyt.cril.ibwb.provider.helpers.HelperTransformations - La formula encontrada dentro del TmsMeasuredin es incompatible.
ERROR AWT-EventQueue-1 org.cimmyt.cril.ibwb.provider.helpers.HelperTransformations - La formula encontrada dentro del TmsMeasuredin es incompatible.
ERROR AWT-EventQueue-1 org.cimmyt.cril.ibwb.provider.helpers.HelperTransformations - La formula encontrada dentro del TmsMeasuredin es incompatible.
ERROR AWT-EventQueue-1 org.cimmyt.cril.ibwb.provider.helpers.HelperTransformations - La formula encontrada dentro del TmsMeasuredin es incompatible.
ERROR AWT-EventQueue-1 org.cimmyt.cril.ibwb.provider.helpers.HelperTransformations - La formula encontrada dentro del TmsMeasuredin es incompatible.
ERROR AWT-EventQueue-1 org.cimmyt.cril.ibwb.provider.helpers.HelperTransformations - La formula encontrada dentro del TmsMeasuredin es incompatible.
ERROR AWT-EventQueue-1 org.cimmyt.cril.ibwb.provider.helpers.HelperTransformations - La formula encontrada dentro del TmsMeasuredin es incompatible.
ERROR AWT-EventQueue-1 org.cimmyt.cril.ibwb.provider.helpers.HelperTransformations - La formula encontrada dentro del TmsMeasuredin es incompatible.
ERROR AWT-EventQueue-1 org.cimmyt.cril.ibwb.provider.helpers.HelperTransformations - La formula encontrada dentro del TmsMeasuredin es incompatible.
ERROR AWT-EventQueue-1 org.cimmyt.cril.ibwb.provider.helpers.HelperTransformations - La formula encontrada dentro del TmsMeasuredin es incompatible.
ERROR AWT-EventQueue-1 org.cimmyt.cril.ibwb.provider.helpers.HelperTransformations - La formula encontrada dentro del TmsMeasuredin es incompatible.
ERROR AWT-EventQueue-1 org.cimmyt.cril.ibwb.provider.helpers.HelperTransformations - La formula encontrada dentro del TmsMeasuredin es incompatible.
ERROR AWT-EventQueue-1 org.cimmyt.cril.ibwb.provider.helpers.HelperTransformations - La formula encontrada dentro del TmsMeasuredin es incompatible.
ERROR AWT-EventQueue-1 org.cimmyt.cril.ibwb.provider.helpers.HelperTransformations - La formula encontrada dentro del TmsMeasuredin es incompatible.
ERROR AWT-EventQueue-1 org.cimmyt.cril.ibwb.provider.helpers.HelperTransformations - La formula encontrada dentro del TmsMeasuredin es incompatible.
ERROR AWT-EventQueue-1 org.cimmyt.cril.ibwb.provider.helpers.HelperTransformations - La formula encontrada dentro del TmsMeasuredin es incompatible.
ERROR AWT-EventQueue-1 org.cimmyt.cril.ibwb.provider.helpers.HelperTransformations - La formula encontrada dentro del TmsMeasuredin es incompatible.
ERROR AWT-EventQueue-1 org.cimmyt.cril.ibwb.provider.helpers.HelperTransformations - La formula encontrada dentro del TmsMeasuredin es incompatible.
ERROR AWT-EventQueue-1 org.cimmyt.cril.ibwb.provider.helpers.HelperTransformations - La formula encontrada dentro del TmsMeasuredin es incompatible.
ERROR AWT-EventQueue-1 org.cimmyt.cril.ibwb.provider.helpers.HelperTransformations - La formula encontrada dentro del TmsMeasuredin es incompatible.
ERROR AWT-EventQueue-1 org.cimmyt.cril.ibwb.provider.helpers.HelperTransformations - La formula encontrada dentro del TmsMeasuredin es incompatible.
ERROR AWT-EventQueue-1 org.cimmyt.cril.ibwb.provider.helpers.HelperTransformations - La formula encontrada dentro del TmsMeasuredin es incompatible.
ERROR AWT-EventQueue-1 org.cimmyt.cril.ibwb.provider.helpers.HelperTransformations - La formula encontrada dentro del TmsMeasuredin es incompatible.
ERROR AWT-EventQueue-1 org.cimmyt.cril.ibwb.provider.helpers.HelperTransformations - La formula encontrada dentro del TmsMeasuredin es incompatible.
ERROR AWT-EventQueue-1 org.cimmyt.cril.ibwb.provider.helpers.HelperTransformations - La formula encontrada dentro del TmsMeasuredin es incompatible.
ERROR AWT-EventQueue-1 org.cimmyt.cril.ibwb.provider.helpers.HelperTransformations - La formula encontrada dentro del TmsMeasuredin es incompatible.
ERROR AWT-EventQueue-1 org.cimmyt.cril.ibwb.provider.helpers.HelperTransformations - La formula encontrada dentro del TmsMeasuredin es incompatible.
ERROR AWT-EventQueue-1 org.cimmyt.cril.ibwb.provider.helpers.HelperTransformations - La formula encontrada dentro del TmsMeasuredin es incompatible.
ERROR AWT-EventQueue-1 org.cimmyt.cril.ibwb.provider.helpers.HelperTransformations - La formula encontrada dentro del TmsMeasuredin es incompatible.
ERROR AWT-EventQueue-1 org.cimmyt.cril.ibwb.provider.helpers.HelperTransformations - La formula encontrada dentro del TmsMeasuredin es incompatible.
ERROR AWT-EventQueue-1 org.cimmyt.cril.ibwb.provider.helpers.HelperTransformations - La formula encontrada dentro del TmsMeasuredin es incompatible.
ERROR AWT-EventQueue-1 org.cimmyt.cril.ibwb.provider.helpers.HelperTransformations - La formula encontrada dentro del TmsMeasuredin es incompatible.
ERROR AWT-EventQueue-1 org.cimmyt.cril.ibwb.provider.helpers.HelperTransformations - La formula encontrada dentro del TmsMeasuredin es incompatible.
ERROR AWT-EventQueue-1 org.cimmyt.cril.ibwb.provider.helpers.HelperTransformations - La formula encontrada dentro del TmsMeasuredin es incompatible.
ERROR AWT-EventQueue-1 org.cimmyt.cril.ibwb.provider.helpers.HelperTransformations - La formula encontrada dentro del TmsMeasuredin es incompatible.
ERROR AWT-EventQueue-1 org.cimmyt.cril.ibwb.provider.helpers.HelperTransformations - La formula encontrada dentro del TmsMeasuredin es incompatible.
ERROR AWT-EventQueue-1 org.cimmyt.cril.ibwb.provider.helpers.HelperTransformations - La formula encontrada dentro del TmsMeasuredin es incompatible.
ERROR AWT-EventQueue-1 org.cimmyt.cril.ibwb.provider.helpers.HelperTransformations - La formula encontrada dentro del TmsMeasuredin es incompatible.
ERROR AWT-EventQueue-1 org.cimmyt.cril.ibwb.provider.helpers.HelperTransformations - La formula encontrada dentro del TmsMeasuredin es incompatible.
ERROR AWT-EventQueue-1 org.cimmyt.cril.ibwb.provider.helpers.HelperTransformations - La formula encontrada dentro del TmsMeasuredin es incompatible.
ERROR AWT-EventQueue-1 org.cimmyt.cril.ibwb.provider.helpers.HelperTransformations - La formula encontrada dentro del TmsMeasuredin es incompatible.
ERROR AWT-EventQueue-1 org.cimmyt.cril.ibwb.provider.helpers.HelperTransformations - La formula encontrada dentro del TmsMeasuredin es incompatible.
ERROR AWT-EventQueue-1 org.cimmyt.cril.ibwb.provider.helpers.HelperTransformations - La formula encontrada dentro del TmsMeasuredin es incompatible.
ERROR AWT-EventQueue-1 org.cimmyt.cril.ibwb.provider.helpers.HelperTransformations - La formula encontrada dentro del TmsMeasuredin es incompatible.
ERROR AWT-EventQueue-1 org.cimmyt.cril.ibwb.provider.helpers.HelperTransformations - La formula encontrada dentro del TmsMeasuredin es incompatible.
ERROR AWT-EventQueue-1 org.cimmyt.cril.ibwb.provider.helpers.HelperTransformations - La formula encontrada dentro del TmsMeasuredin es incompatible.
