INFO SwingWorker-pool-1-thread-1 org.cimmyt.cril.ibwb.provider.dao.helpers.HelperWorkbookReader - Definiendo orden de busquedas
INFO SwingWorker-pool-1-thread-1 org.cimmyt.cril.ibwb.provider.dao.helpers.HelperWorkbookReader - Getting trial randomization fast.... DONE
INFO SwingWorker-pool-1-thread-1 org.cimmyt.cril.ibwb.provider.dao.helpers.HelperWorkbookReader - Getting variates fast....
ERROR SwingWorker-pool-1-thread-1 org.cimmyt.cril.ibwb.provider.dao.helpers.HelperWorkbookReader - No se encontro ningun variate para el represNo -33
INFO SwingWorker-pool-1-thread-1 org.cimmyt.cril.ibwb.provider.dao.helpers.HelperWorkbookReader - No se encontraron variates por recuperar.
INFO SwingWorker-pool-1-thread-1 org.cimmyt.cril.ibwb.provider.dao.helpers.HelperWorkbookReader - Getting variates fast.... DONE
INFO SwingWorker-pool-1-thread-1 org.cimmyt.cril.ibwb.provider.helpers.HelperWorkbookRead - filling FactorLabelData DONE... 
INFO SwingWorker-pool-1-thread-1 org.cimmyt.cril.ibwb.provider.helpers.HelperWorkbookRead - Filling Observations Data DONE!!!
INFO AWT-EventQueue-1 org.cimmyt.cril.ibwb.provider.dao.TraitsDAO - Checking if Traits table exists
INFO AWT-EventQueue-1 org.cimmyt.cril.ibwb.provider.dao.TraitsDAO - Traits table found!
INFO AWT-EventQueue-1 org.cimmyt.cril.ibwb.provider.dao.TraitsDAO - Checking if Traits table exists DONE....
INFO AWT-EventQueue-1 org.cimmyt.cril.ibwb.provider.dao.TraitsDAO - Checking if Traits table exists
INFO AWT-EventQueue-1 org.cimmyt.cril.ibwb.provider.dao.TraitsDAO - Traits table found!
INFO AWT-EventQueue-1 org.cimmyt.cril.ibwb.provider.dao.TraitsDAO - Checking if Traits table exists DONE....
INFO AWT-EventQueue-1 org.cimmyt.cril.ibwb.provider.dao.TransformationsDAO - Checking if TmsTransformations table exists
INFO AWT-EventQueue-1 org.cimmyt.cril.ibwb.provider.dao.TransformationsDAO - TmsTransformations table found!
INFO AWT-EventQueue-1 org.cimmyt.cril.ibwb.provider.dao.TransformationsDAO - Checking if TmsTransformations table exists DONE....
INFO AWT-EventQueue-1 org.cimmyt.cril.ibwb.provider.dao.TransformationsDAO - Checking if TmsTransformations table exists
INFO AWT-EventQueue-1 org.cimmyt.cril.ibwb.provider.dao.TransformationsDAO - TmsTransformations table found!
INFO AWT-EventQueue-1 org.cimmyt.cril.ibwb.provider.dao.TransformationsDAO - Checking if TmsTransformations table exists DONE....
INFO AWT-EventQueue-1 org.cimmyt.cril.ibwb.provider.dao.ContinuousConversionDAO - Checking if TmsContinuous-conversion table exists
INFO AWT-EventQueue-1 org.cimmyt.cril.ibwb.provider.dao.ContinuousConversionDAO - TmsContinuous-conversion table found!
INFO AWT-EventQueue-1 org.cimmyt.cril.ibwb.provider.dao.ContinuousConversionDAO - Checking if TmsContinuous-conversion table exists DONE....
INFO AWT-EventQueue-1 org.cimmyt.cril.ibwb.provider.dao.ContinuousConversionDAO - Checking if TmsContinuous-conversion table exists
INFO AWT-EventQueue-1 org.cimmyt.cril.ibwb.provider.dao.ContinuousConversionDAO - TmsContinuous-conversion table found!
INFO AWT-EventQueue-1 org.cimmyt.cril.ibwb.provider.dao.ContinuousConversionDAO - Checking if TmsContinuous-conversion table exists DONE....
INFO AWT-EventQueue-1 org.cimmyt.cril.ibwb.provider.dao.ContinuousFunctionDAO - Checking if TmsContinuous-function table exists
INFO AWT-EventQueue-1 org.cimmyt.cril.ibwb.provider.dao.ContinuousFunctionDAO - TmsContinuous-function table found!
INFO AWT-EventQueue-1 org.cimmyt.cril.ibwb.provider.dao.ContinuousFunctionDAO - Checking if TmsContinuous-function table exists DONE....
INFO AWT-EventQueue-1 org.cimmyt.cril.ibwb.provider.dao.ContinuousFunctionDAO - Checking if TmsContinuous-function table exists
INFO AWT-EventQueue-1 org.cimmyt.cril.ibwb.provider.dao.ContinuousFunctionDAO - TmsContinuous-function table found!
INFO AWT-EventQueue-1 org.cimmyt.cril.ibwb.provider.dao.ContinuousFunctionDAO - Checking if TmsContinuous-function table exists DONE....
INFO AWT-EventQueue-1 org.cimmyt.cril.ibwb.provider.dao.DiscreteConversionDAO - Checking if TmsDiscrete-conversion table exists
INFO AWT-EventQueue-1 org.cimmyt.cril.ibwb.provider.dao.DiscreteConversionDAO - TmsDiscrete-conversion table found!
INFO AWT-EventQueue-1 org.cimmyt.cril.ibwb.provider.dao.DiscreteConversionDAO - Checking if TmsDiscrete-conversion table exists DONE....
INFO AWT-EventQueue-1 org.cimmyt.cril.ibwb.provider.dao.DiscreteConversionDAO - Checking if TmsDiscrete-conversion table exists
INFO AWT-EventQueue-1 org.cimmyt.cril.ibwb.provider.dao.DiscreteConversionDAO - TmsDiscrete-conversion table found!
INFO AWT-EventQueue-1 org.cimmyt.cril.ibwb.provider.dao.DiscreteConversionDAO - Checking if TmsDiscrete-conversion table exists DONE....
INFO AWT-EventQueue-1 org.cimmyt.cril.ibwb.provider.dao.TmsConsistencyChecksDAO - Checking if TmsConsistency-checks table exists
INFO AWT-EventQueue-1 org.cimmyt.cril.ibwb.provider.dao.TmsConsistencyChecksDAO - TmsConsistency-checks table found!
INFO AWT-EventQueue-1 org.cimmyt.cril.ibwb.provider.dao.TmsConsistencyChecksDAO - Checking if TmsConsistency-checks table exists DONE....
INFO AWT-EventQueue-1 org.cimmyt.cril.ibwb.provider.dao.TmsConsistencyChecksDAO - Checking if TmsConsistency-checks table exists
INFO AWT-EventQueue-1 org.cimmyt.cril.ibwb.provider.dao.TmsConsistencyChecksDAO - TmsConsistency-checks table found!
INFO AWT-EventQueue-1 org.cimmyt.cril.ibwb.provider.dao.TmsConsistencyChecksDAO - Checking if TmsConsistency-checks table exists DONE....
